TN:
SF:controllers\adminController.js
FN:7,(anonymous_0)
FN:17,(anonymous_1)
FN:29,(anonymous_2)
FN:38,(anonymous_3)
FN:46,(anonymous_4)
FN:55,(anonymous_5)
FN:65,(anonymous_6)
FN:75,(anonymous_7)
FN:86,(anonymous_8)
FN:97,(anonymous_9)
FNF:10
FNH:7
FNDA:2,(anonymous_0)
FNDA:2,(anonymous_1)
FNDA:2,(anonymous_2)
FNDA:2,(anonymous_3)
FNDA:2,(anonymous_4)
FNDA:2,(anonymous_5)
FNDA:0,(anonymous_6)
FNDA:0,(anonymous_7)
FNDA:2,(anonymous_8)
FNDA:0,(anonymous_9)
DA:1,1
DA:2,1
DA:3,1
DA:8,2
DA:9,2
DA:10,1
DA:12,1
DA:18,2
DA:19,2
DA:21,1
DA:24,1
DA:30,2
DA:31,2
DA:32,1
DA:34,1
DA:35,1
DA:39,2
DA:40,2
DA:41,1
DA:43,1
DA:47,2
DA:48,2
DA:49,1
DA:51,1
DA:56,2
DA:57,2
DA:58,1
DA:60,1
DA:66,0
DA:67,0
DA:68,0
DA:70,0
DA:76,0
DA:77,0
DA:78,0
DA:79,0
DA:81,0
DA:87,2
DA:88,2
DA:89,1
DA:92,1
DA:98,0
DA:99,0
DA:100,0
DA:101,0
DA:103,0
DA:108,1
LF:47
LH:33
BRDA:21,0,0,1
BRDA:21,0,1,0
BRF:2
BRH:1
end_of_record
TN:
SF:controllers\chatbotController.js
FN:5,(anonymous_0)
FN:30,(anonymous_1)
FN:52,(anonymous_2)
FNF:3
FNH:3
FNDA:3,(anonymous_0)
FNDA:3,(anonymous_1)
FNDA:3,(anonymous_2)
DA:2,1
DA:6,3
DA:7,3
DA:10,3
DA:11,3
DA:12,1
DA:18,2
DA:19,1
DA:21,1
DA:22,1
DA:31,3
DA:32,3
DA:33,3
DA:34,1
DA:40,2
DA:41,1
DA:43,1
DA:44,1
DA:53,3
DA:54,3
DA:55,3
DA:56,1
DA:62,2
DA:63,1
DA:67,1
DA:72,1
DA:73,1
DA:82,1
LF:28
LH:28
BRDA:11,0,0,1
BRDA:11,0,1,2
BRDA:33,1,0,1
BRDA:33,1,1,2
BRDA:55,2,0,1
BRDA:55,2,1,2
BRDA:63,3,0,1
BRDA:63,3,1,0
BRF:8
BRH:7
end_of_record
TN:
SF:controllers\disputeController.js
FN:4,(anonymous_0)
FN:14,(anonymous_1)
FN:23,(anonymous_2)
FN:32,(anonymous_3)
FNF:4
FNH:4
FNDA:2,(anonymous_0)
FNDA:2,(anonymous_1)
FNDA:2,(anonymous_2)
FNDA:2,(anonymous_3)
DA:1,1
DA:5,2
DA:6,2
DA:7,1
DA:9,1
DA:15,2
DA:16,2
DA:17,1
DA:19,1
DA:24,2
DA:25,2
DA:26,1
DA:28,1
DA:33,2
DA:34,2
DA:35,1
DA:37,1
DA:42,1
LF:18
LH:18
BRF:0
BRH:0
end_of_record
TN:
SF:controllers\notificationController.js
FN:4,(anonymous_0)
FN:15,(anonymous_1)
FNF:2
FNH:2
FNDA:3,(anonymous_0)
FNDA:2,(anonymous_1)
DA:1,1
DA:5,3
DA:6,3
DA:7,2
DA:9,1
DA:11,1
DA:16,2
DA:17,2
DA:18,1
DA:20,1
DA:26,1
LF:11
LH:11
BRDA:7,0,0,1
BRDA:7,0,1,1
BRF:2
BRH:2
end_of_record
TN:
SF:controllers\transactionController.js
FN:4,(anonymous_0)
FN:13,(anonymous_1)
FN:23,(anonymous_2)
FN:32,(anonymous_3)
FNF:4
FNH:4
FNDA:2,(anonymous_0)
FNDA:2,(anonymous_1)
FNDA:2,(anonymous_2)
FNDA:2,(anonymous_3)
DA:1,1
DA:5,2
DA:6,2
DA:7,1
DA:9,1
DA:14,2
DA:15,2
DA:16,2
DA:17,1
DA:19,1
DA:24,2
DA:25,2
DA:26,1
DA:28,1
DA:33,2
DA:34,2
DA:35,1
DA:37,1
DA:42,1
LF:19
LH:19
BRF:0
BRH:0
end_of_record
TN:
SF:controllers\userController.js
FN:5,(anonymous_0)
FN:14,(anonymous_1)
FN:24,(anonymous_2)
FN:33,(anonymous_3)
FN:42,(anonymous_4)
FN:51,(anonymous_5)
FN:60,(anonymous_6)
FN:69,(anonymous_7)
FNF:8
FNH:8
FNDA:2,(anonymous_0)
FNDA:2,(anonymous_1)
FNDA:2,(anonymous_2)
FNDA:2,(anonymous_3)
FNDA:2,(anonymous_4)
FNDA:2,(anonymous_5)
FNDA:2,(anonymous_6)
FNDA:2,(anonymous_7)
DA:1,1
DA:6,2
DA:7,2
DA:8,1
DA:10,1
DA:15,2
DA:16,2
DA:17,2
DA:18,1
DA:20,1
DA:25,2
DA:26,2
DA:27,1
DA:29,1
DA:34,2
DA:35,2
DA:36,1
DA:38,1
DA:43,2
DA:44,2
DA:45,1
DA:47,1
DA:52,2
DA:53,2
DA:54,1
DA:56,1
DA:61,2
DA:62,2
DA:63,1
DA:65,1
DA:70,2
DA:71,2
DA:72,2
DA:73,1
DA:75,1
DA:80,1
LF:36
LH:36
BRF:0
BRH:0
end_of_record
TN:
SF:controllers\userProfileController.js
FN:4,(anonymous_0)
FN:13,(anonymous_1)
FNF:2
FNH:2
FNDA:2,(anonymous_0)
FNDA:2,(anonymous_1)
DA:1,1
DA:5,2
DA:6,2
DA:7,1
DA:9,1
DA:14,2
DA:15,2
DA:16,1
DA:18,1
DA:25,1
LF:10
LH:10
BRF:0
BRH:0
end_of_record
TN:
SF:controllers\vendorController.js
FN:6,(anonymous_0)
FN:14,(anonymous_1)
FN:23,(anonymous_2)
FN:34,(anonymous_3)
FN:43,(anonymous_4)
FN:52,(anonymous_5)
FNF:6
FNH:5
FNDA:0,(anonymous_0)
FNDA:2,(anonymous_1)
FNDA:2,(anonymous_2)
FNDA:2,(anonymous_3)
FNDA:2,(anonymous_4)
FNDA:3,(anonymous_5)
DA:1,1
DA:7,0
DA:8,0
DA:9,0
DA:11,0
DA:15,2
DA:16,2
DA:17,1
DA:19,1
DA:24,2
DA:25,2
DA:26,2
DA:27,1
DA:29,1
DA:35,2
DA:36,2
DA:37,1
DA:39,1
DA:44,2
DA:45,2
DA:46,1
DA:48,1
DA:53,3
DA:54,3
DA:55,3
DA:57,1
DA:58,1
DA:60,0
DA:65,1
LF:29
LH:24
BRDA:55,0,0,2
BRDA:55,0,1,1
BRF:2
BRH:2
end_of_record
TN:
SF:middlewares\adminAuth.js
FN:4,(anonymous_0)
FN:26,(anonymous_1)
FN:27,(anonymous_2)
FNF:3
FNH:3
FNDA:4,(anonymous_0)
FNDA:2,(anonymous_1)
FNDA:2,(anonymous_2)
DA:1,1
DA:2,1
DA:4,1
DA:5,4
DA:6,4
DA:8,4
DA:9,1
DA:12,3
DA:13,2
DA:15,2
DA:16,1
DA:19,1
DA:21,1
DA:26,1
DA:27,2
DA:28,2
DA:29,1
DA:31,1
DA:35,1
LF:19
LH:19
BRDA:8,0,0,1
BRDA:8,0,1,3
BRDA:15,1,0,1
BRDA:15,1,1,1
BRDA:28,2,0,1
BRDA:28,2,1,1
BRF:6
BRH:6
end_of_record
TN:
SF:middlewares\authMiddleware.js
FN:5,(anonymous_0)
FNF:1
FNH:1
FNDA:4,(anonymous_0)
DA:1,1
DA:2,1
DA:5,1
DA:6,4
DA:7,4
DA:9,4
DA:10,2
DA:14,2
DA:17,2
DA:19,1
DA:20,1
DA:24,1
DA:29,1
LF:13
LH:13
BRDA:9,0,0,2
BRDA:9,0,1,2
BRDA:9,1,0,4
BRDA:9,1,1,3
BRF:4
BRH:4
end_of_record
TN:
SF:middlewares\authUsers.js
FN:7,(anonymous_0)
FN:26,(anonymous_1)
FN:27,(anonymous_2)
FNF:3
FNH:3
FNDA:4,(anonymous_0)
FNDA:2,(anonymous_1)
FNDA:2,(anonymous_2)
DA:1,1
DA:2,1
DA:7,1
DA:8,4
DA:9,4
DA:11,0
DA:12,0
DA:15,0
DA:16,0
DA:17,0
DA:19,4
DA:26,1
DA:27,2
DA:28,2
DA:29,1
DA:31,1
DA:35,1
LF:17
LH:12
BRDA:11,0,0,0
BRDA:11,0,1,0
BRDA:28,1,0,1
BRDA:28,1,1,1
BRF:4
BRH:2
end_of_record
TN:
SF:middlewares\protected.js
FN:5,validationUser
FN:22,(anonymous_1)
FNF:2
FNH:1
FNDA:4,validationUser
FNDA:0,(anonymous_1)
DA:1,1
DA:2,1
DA:6,4
DA:7,4
DA:9,4
DA:10,3
DA:11,1
DA:13,2
DA:14,1
DA:16,1
DA:18,2
DA:22,1
DA:23,0
DA:24,0
DA:27,1
LF:15
LH:13
BRDA:10,0,0,1
BRDA:10,0,1,2
BRF:2
BRH:2
end_of_record
TN:
SF:models\adminModel.js
FNF:0
FNH:0
DA:2,1
DA:4,1
DA:41,1
DA:42,1
LF:4
LH:4
BRF:0
BRH:0
end_of_record
TN:
SF:models\apiModel.js
FNF:0
FNH:0
DA:1,1
DA:3,1
DA:23,1
DA:24,1
LF:4
LH:4
BRF:0
BRH:0
end_of_record
TN:
SF:models\disputeModel.js
FNF:0
FNH:0
DA:1,1
DA:4,1
DA:78,1
DA:79,1
LF:4
LH:4
BRF:0
BRH:0
end_of_record
TN:
SF:models\noticationModel.js
FNF:0
FNH:0
DA:1,1
DA:3,1
DA:13,1
DA:14,1
LF:4
LH:4
BRF:0
BRH:0
end_of_record
TN:
SF:models\tranasactionModel.js
FNF:0
FNH:0
DA:1,1
DA:3,1
DA:15,1
LF:3
LH:3
BRF:0
BRH:0
end_of_record
TN:
SF:models\userModel.js
FNF:0
FNH:0
DA:1,1
DA:3,1
DA:24,1
DA:44,1
DA:46,1
LF:5
LH:5
BRF:0
BRH:0
end_of_record
TN:
SF:models\vendorModel.js
FNF:0
FNH:0
DA:1,1
DA:3,1
DA:11,1
LF:3
LH:3
BRF:0
BRH:0
end_of_record
TN:
SF:repositories\adminRepository.js
FN:8,(anonymous_0)
FN:12,(anonymous_1)
FN:17,(anonymous_2)
FN:22,(anonymous_3)
FN:26,(anonymous_4)
FN:30,(anonymous_5)
FN:34,(anonymous_6)
FN:38,(anonymous_7)
FN:42,(anonymous_8)
FN:46,(anonymous_9)
FN:50,(anonymous_10)
FN:57,(anonymous_11)
FNF:12
FNH:11
FNDA:1,(anonymous_0)
FNDA:1,(anonymous_1)
FNDA:2,(anonymous_2)
FNDA:1,(anonymous_3)
FNDA:1,(anonymous_4)
FNDA:0,(anonymous_5)
FNDA:1,(anonymous_6)
FNDA:1,(anonymous_7)
FNDA:1,(anonymous_8)
FNDA:1,(anonymous_9)
FNDA:3,(anonymous_10)
FNDA:1,(anonymous_11)
DA:1,1
DA:2,1
DA:3,1
DA:4,1
DA:5,1
DA:9,1
DA:13,1
DA:18,2
DA:23,1
DA:27,1
DA:31,0
DA:35,1
DA:39,1
DA:43,1
DA:47,1
DA:51,3
DA:52,3
DA:53,2
DA:54,1
DA:58,1
DA:75,1
LF:21
LH:20
BRDA:52,0,0,1
BRDA:52,0,1,2
BRDA:53,1,0,1
BRDA:53,1,1,1
BRDA:53,2,0,2
BRDA:53,2,1,1
BRF:6
BRH:6
end_of_record
TN:
SF:repositories\disputesRepository.js
FN:7,(anonymous_0)
FN:11,(anonymous_1)
FN:15,(anonymous_2)
FN:19,(anonymous_3)
FN:23,(anonymous_4)
FN:27,(anonymous_5)
FN:31,(anonymous_6)
FN:35,(anonymous_7)
FN:39,(anonymous_8)
FN:43,(anonymous_9)
FN:46,(anonymous_10)
FN:53,(anonymous_11)
FN:61,(anonymous_12)
FNF:13
FNH:10
FNDA:1,(anonymous_0)
FNDA:2,(anonymous_1)
FNDA:2,(anonymous_2)
FNDA:2,(anonymous_3)
FNDA:2,(anonymous_4)
FNDA:1,(anonymous_5)
FNDA:1,(anonymous_6)
FNDA:1,(anonymous_7)
FNDA:0,(anonymous_8)
FNDA:0,(anonymous_9)
FNDA:1,(anonymous_10)
FNDA:1,(anonymous_11)
FNDA:0,(anonymous_12)
DA:1,1
DA:2,1
DA:3,1
DA:4,1
DA:8,1
DA:12,2
DA:16,2
DA:20,2
DA:24,2
DA:28,1
DA:32,1
DA:36,1
DA:40,0
DA:44,0
DA:48,1
DA:49,1
DA:51,1
DA:54,1
DA:62,0
DA:66,1
LF:20
LH:17
BRF:0
BRH:0
end_of_record
TN:
SF:repositories\notificationRepository.js
FN:4,(anonymous_0)
FN:8,(anonymous_1)
FN:12,(anonymous_2)
FN:16,(anonymous_3)
FNF:4
FNH:3
FNDA:1,(anonymous_0)
FNDA:0,(anonymous_1)
FNDA:2,(anonymous_2)
FNDA:2,(anonymous_3)
DA:1,1
DA:5,1
DA:9,0
DA:13,2
DA:17,2
DA:23,1
LF:6
LH:5
BRF:0
BRH:0
end_of_record
TN:
SF:repositories\transactionRepository.js
FN:5,(anonymous_0)
FN:9,(anonymous_1)
FN:13,(anonymous_2)
FN:17,(anonymous_3)
FN:21,(anonymous_4)
FN:25,(anonymous_5)
FN:29,(anonymous_6)
FN:33,(anonymous_7)
FNF:8
FNH:8
FNDA:1,(anonymous_0)
FNDA:2,(anonymous_1)
FNDA:2,(anonymous_2)
FNDA:2,(anonymous_3)
FNDA:2,(anonymous_4)
FNDA:2,(anonymous_5)
FNDA:2,(anonymous_6)
FNDA:2,(anonymous_7)
DA:1,1
DA:2,1
DA:6,1
DA:10,2
DA:14,2
DA:18,2
DA:22,2
DA:26,2
DA:30,2
DA:34,2
DA:38,1
LF:11
LH:11
BRF:0
BRH:0
end_of_record
TN:
SF:repositories\userProfileRepository.js
FN:4,(anonymous_0)
FN:8,(anonymous_1)
FN:12,(anonymous_2)
FNF:3
FNH:3
FNDA:2,(anonymous_0)
FNDA:2,(anonymous_1)
FNDA:2,(anonymous_2)
DA:1,1
DA:5,2
DA:9,2
DA:13,2
DA:17,1
LF:5
LH:5
BRF:0
BRH:0
end_of_record
TN:
SF:repositories\userRepository.js
FN:4,(anonymous_0)
FN:8,(anonymous_1)
FN:12,(anonymous_2)
FN:16,(anonymous_3)
FN:20,(anonymous_4)
FN:24,(anonymous_5)
FN:28,(anonymous_6)
FN:32,(anonymous_7)
FN:36,(anonymous_8)
FN:40,(anonymous_9)
FN:44,(anonymous_10)
FN:48,(anonymous_11)
FN:53,(anonymous_12)
FNF:13
FNH:10
FNDA:1,(anonymous_0)
FNDA:2,(anonymous_1)
FNDA:3,(anonymous_2)
FNDA:0,(anonymous_3)
FNDA:0,(anonymous_4)
FNDA:2,(anonymous_5)
FNDA:0,(anonymous_6)
FNDA:2,(anonymous_7)
FNDA:2,(anonymous_8)
FNDA:2,(anonymous_9)
FNDA:1,(anonymous_10)
FNDA:2,(anonymous_11)
FNDA:2,(anonymous_12)
DA:1,1
DA:5,1
DA:9,2
DA:13,3
DA:17,0
DA:21,0
DA:25,2
DA:29,0
DA:33,2
DA:37,2
DA:41,2
DA:45,1
DA:49,2
DA:50,2
DA:54,2
DA:58,1
LF:16
LH:13
BRDA:50,0,0,1
BRDA:50,0,1,1
BRF:2
BRH:2
end_of_record
TN:
SF:repositories\vendorRepository.js
FN:8,(anonymous_0)
FN:11,(anonymous_1)
FN:15,(anonymous_2)
FN:19,(anonymous_3)
FN:23,(anonymous_4)
FN:27,(anonymous_5)
FN:31,(anonymous_6)
FNF:7
FNH:5
FNDA:0,(anonymous_0)
FNDA:2,(anonymous_1)
FNDA:2,(anonymous_2)
FNDA:2,(anonymous_3)
FNDA:2,(anonymous_4)
FNDA:0,(anonymous_5)
FNDA:2,(anonymous_6)
DA:1,1
DA:2,1
DA:3,1
DA:4,1
DA:9,0
DA:12,2
DA:16,2
DA:20,2
DA:24,2
DA:28,0
DA:32,2
DA:36,1
LF:12
LH:10
BRF:0
BRH:0
end_of_record
TN:
SF:services\adminServices.js
FN:15,(anonymous_0)
FN:29,(anonymous_1)
FN:35,(anonymous_2)
FN:39,(anonymous_3)
FN:48,(anonymous_4)
FN:63,(anonymous_5)
FN:76,(anonymous_6)
FN:77,(anonymous_7)
FN:79,(anonymous_8)
FN:84,(anonymous_9)
FN:91,(anonymous_10)
FN:98,(anonymous_11)
FN:102,(anonymous_12)
FN:108,(anonymous_13)
FN:114,(anonymous_14)
FN:140,(anonymous_15)
FN:144,(anonymous_16)
FNF:17
FNH:8
FNDA:2,(anonymous_0)
FNDA:3,(anonymous_1)
FNDA:2,(anonymous_2)
FNDA:1,(anonymous_3)
FNDA:2,(anonymous_4)
FNDA:0,(anonymous_5)
FNDA:1,(anonymous_6)
FNDA:0,(anonymous_7)
FNDA:0,(anonymous_8)
FNDA:2,(anonymous_9)
FNDA:0,(anonymous_10)
FNDA:0,(anonymous_11)
FNDA:0,(anonymous_12)
FNDA:0,(anonymous_13)
FNDA:0,(anonymous_14)
FNDA:0,(anonymous_15)
FNDA:1,(anonymous_16)
DA:1,1
DA:2,1
DA:3,1
DA:4,1
DA:5,1
DA:6,1
DA:7,1
DA:8,1
DA:9,1
DA:10,1
DA:17,2
DA:18,1
DA:21,1
DA:22,1
DA:23,1
DA:25,1
DA:30,3
DA:31,3
DA:33,2
DA:35,2
DA:36,2
DA:38,2
DA:39,2
DA:40,2
DA:41,1
DA:44,1
DA:45,1
DA:49,2
DA:50,2
DA:51,1
DA:53,1
DA:54,1
DA:55,1
DA:57,1
DA:58,1
DA:60,1
DA:61,1
DA:62,1
DA:63,1
DA:64,0
DA:68,1
DA:69,1
DA:71,1
DA:73,1
DA:77,1
DA:78,0
DA:79,0
DA:80,0
DA:85,2
DA:86,2
DA:87,1
DA:90,1
DA:91,1
DA:92,0
DA:95,1
DA:99,0
DA:103,0
DA:104,0
DA:105,0
DA:109,0
DA:115,0
DA:116,0
DA:117,0
DA:118,0
DA:119,0
DA:127,0
DA:135,0
DA:141,0
DA:145,1
DA:148,1
DA:153,1
DA:162,1
DA:167,1
LF:73
LH:55
BRDA:17,0,0,1
BRDA:17,0,1,1
BRDA:31,1,0,1
BRDA:31,1,1,2
BRDA:36,2,0,0
BRDA:36,2,1,2
BRDA:40,3,0,1
BRDA:40,3,1,1
BRDA:40,4,0,2
BRDA:40,4,1,2
BRDA:50,5,0,1
BRDA:50,5,1,1
BRDA:50,6,0,2
BRDA:50,6,1,1
BRDA:54,7,0,0
BRDA:54,7,1,1
BRDA:58,8,0,0
BRDA:58,8,1,1
BRDA:86,9,0,1
BRDA:86,9,1,1
BRDA:86,10,0,2
BRDA:86,10,1,1
BRDA:104,11,0,0
BRDA:104,11,1,0
BRDA:116,12,0,0
BRDA:116,12,1,0
BRDA:118,13,0,0
BRDA:118,13,1,0
BRDA:126,14,0,0
BRDA:126,14,1,0
BRF:30
BRH:19
end_of_record
TN:
SF:services\chatbotServices.js
FN:6,(anonymous_0)
FN:9,(anonymous_1)
FN:15,(anonymous_2)
FN:21,(anonymous_3)
FN:27,(anonymous_4)
FN:32,(anonymous_5)
FN:41,(anonymous_6)
FN:78,(anonymous_7)
FN:101,(anonymous_8)
FN:110,(anonymous_9)
FN:111,(anonymous_10)
FN:112,(anonymous_11)
FN:113,(anonymous_12)
FN:114,(anonymous_13)
FN:115,(anonymous_14)
FN:116,(anonymous_15)
FN:117,(anonymous_16)
FN:118,(anonymous_17)
FN:124,(anonymous_18)
FN:140,(anonymous_19)
FN:153,(anonymous_20)
FN:166,(anonymous_21)
FN:179,(anonymous_22)
FN:192,(anonymous_23)
FN:205,(anonymous_24)
FN:218,(anonymous_25)
FN:234,(anonymous_26)
FN:240,(anonymous_27)
FN:286,(anonymous_28)
FN:290,(anonymous_29)
FN:294,(anonymous_30)
FNF:31
FNH:24
FNDA:1,(anonymous_0)
FNDA:2,(anonymous_1)
FNDA:2,(anonymous_2)
FNDA:0,(anonymous_3)
FNDA:1,(anonymous_4)
FNDA:3,(anonymous_5)
FNDA:11,(anonymous_6)
FNDA:3,(anonymous_7)
FNDA:10,(anonymous_8)
FNDA:2,(anonymous_9)
FNDA:1,(anonymous_10)
FNDA:0,(anonymous_11)
FNDA:2,(anonymous_12)
FNDA:0,(anonymous_13)
FNDA:2,(anonymous_14)
FNDA:0,(anonymous_15)
FNDA:1,(anonymous_16)
FNDA:2,(anonymous_17)
FNDA:2,(anonymous_18)
FNDA:1,(anonymous_19)
FNDA:0,(anonymous_20)
FNDA:2,(anonymous_21)
FNDA:0,(anonymous_22)
FNDA:2,(anonymous_23)
FNDA:0,(anonymous_24)
FNDA:1,(anonymous_25)
FNDA:2,(anonymous_26)
FNDA:2,(anonymous_27)
FNDA:2,(anonymous_28)
FNDA:1,(anonymous_29)
FNDA:1,(anonymous_30)
DA:2,1
DA:3,1
DA:7,1
DA:8,1
DA:10,2
DA:11,2
DA:16,2
DA:17,2
DA:22,0
DA:23,0
DA:28,1
DA:33,3
DA:34,3
DA:43,11
DA:44,1
DA:46,1
DA:49,1
DA:53,10
DA:54,10
DA:58,10
DA:63,10
DA:66,10
DA:75,10
DA:79,3
DA:80,3
DA:81,3
DA:82,1
DA:85,2
DA:92,2
DA:96,0
DA:97,0
DA:102,10
DA:103,10
DA:104,0
DA:107,10
DA:109,10
DA:110,2
DA:111,1
DA:112,0
DA:113,2
DA:114,0
DA:115,2
DA:116,0
DA:117,1
DA:118,2
DA:121,10
DA:125,2
DA:126,2
DA:127,0
DA:130,2
DA:131,2
DA:132,2
DA:136,0
DA:141,1
DA:142,1
DA:143,0
DA:146,1
DA:147,1
DA:148,1
DA:154,0
DA:155,0
DA:156,0
DA:159,0
DA:160,0
DA:161,0
DA:167,2
DA:168,2
DA:169,1
DA:172,1
DA:173,1
DA:174,1
DA:180,0
DA:181,0
DA:182,0
DA:185,0
DA:186,0
DA:187,0
DA:193,2
DA:194,2
DA:195,1
DA:198,1
DA:199,1
DA:200,1
DA:206,0
DA:207,0
DA:208,0
DA:211,0
DA:212,0
DA:213,0
DA:219,1
DA:220,1
DA:221,0
DA:224,1
DA:225,1
DA:226,1
DA:230,0
DA:235,2
DA:236,2
DA:241,2
DA:242,2
DA:243,2
DA:244,2
DA:247,2
DA:248,0
DA:252,2
DA:259,2
DA:260,2
DA:261,1
DA:264,1
DA:265,1
DA:267,1
DA:273,1
DA:278,1
DA:287,2
DA:291,1
DA:296,1
DA:297,1
DA:298,1
DA:301,1
DA:307,1
LF:120
LH:88
BRDA:11,0,0,1
BRDA:11,0,1,1
BRDA:11,1,0,2
BRDA:11,1,1,1
BRDA:11,1,2,1
BRDA:17,2,0,1
BRDA:17,2,1,1
BRDA:17,3,0,2
BRDA:17,3,1,1
BRDA:23,4,0,0
BRDA:23,4,1,0
BRDA:23,5,0,0
BRDA:23,5,1,0
BRDA:28,6,0,1
BRDA:28,6,1,0
BRDA:34,7,0,3
BRDA:34,7,1,0
BRDA:34,8,0,3
BRDA:34,8,1,3
BRDA:43,9,0,1
BRDA:43,9,1,10
BRDA:53,10,0,10
BRDA:53,10,1,0
BRDA:81,11,0,1
BRDA:81,11,1,2
BRDA:103,12,0,0
BRDA:103,12,1,10
BRDA:121,13,0,10
BRDA:121,13,1,0
BRDA:126,14,0,0
BRDA:126,14,1,2
BRDA:130,15,0,2
BRDA:130,15,1,0
BRDA:142,16,0,0
BRDA:142,16,1,1
BRDA:155,17,0,0
BRDA:155,17,1,0
BRDA:168,18,0,1
BRDA:168,18,1,1
BRDA:181,19,0,0
BRDA:181,19,1,0
BRDA:194,20,0,1
BRDA:194,20,1,1
BRDA:207,21,0,0
BRDA:207,21,1,0
BRDA:220,22,0,0
BRDA:220,22,1,1
BRDA:224,23,0,1
BRDA:224,23,1,0
BRDA:235,24,0,2
BRDA:235,24,1,0
BRDA:247,25,0,0
BRDA:247,25,1,2
BRDA:247,26,0,2
BRDA:247,26,1,2
BRDA:291,27,0,1
BRDA:291,27,1,0
BRDA:296,28,0,1
BRDA:296,28,1,0
BRF:59
BRH:35
end_of_record
TN:
SF:services\disputeServices.js
FN:10,(anonymous_0)
FN:74,(anonymous_1)
FN:75,(anonymous_2)
FN:92,(anonymous_3)
FN:96,(anonymous_4)
FN:100,(anonymous_5)
FN:104,(anonymous_6)
FN:108,(anonymous_7)
FNF:8
FNH:7
FNDA:4,(anonymous_0)
FNDA:1,(anonymous_1)
FNDA:0,(anonymous_2)
FNDA:1,(anonymous_3)
FNDA:1,(anonymous_4)
FNDA:1,(anonymous_5)
FNDA:1,(anonymous_6)
FNDA:1,(anonymous_7)
DA:1,1
DA:2,1
DA:3,1
DA:4,1
DA:5,1
DA:11,4
DA:12,4
DA:13,4
DA:15,3
DA:16,3
DA:17,3
DA:19,2
DA:20,2
DA:21,2
DA:22,1
DA:23,1
DA:24,1
DA:26,1
DA:27,1
DA:29,1
DA:30,1
DA:31,1
DA:33,1
DA:35,1
DA:37,1
DA:46,1
DA:48,1
DA:56,1
DA:64,1
DA:65,1
DA:67,1
DA:68,0
DA:69,0
DA:71,1
DA:75,1
DA:76,0
DA:77,0
DA:78,0
DA:79,0
DA:82,0
DA:93,1
DA:97,1
DA:101,1
DA:105,1
DA:109,1
DA:113,1
LF:46
LH:39
BRDA:13,0,0,1
BRDA:13,0,1,3
BRDA:17,1,0,1
BRDA:17,1,1,2
BRDA:21,2,0,1
BRDA:21,2,1,1
BRDA:29,3,0,1
BRDA:29,3,1,0
BRDA:31,4,0,0
BRDA:31,4,1,1
BRDA:60,5,0,1
BRDA:60,5,1,0
BRDA:65,6,0,1
BRDA:65,6,1,0
BRDA:67,7,0,0
BRDA:67,7,1,1
BRDA:67,8,0,1
BRDA:67,8,1,0
BRDA:79,9,0,0
BRDA:79,9,1,0
BRF:20
BRH:12
end_of_record
TN:
SF:services\notificationServices.js
FN:4,(anonymous_0)
FN:8,(anonymous_1)
FN:12,(anonymous_2)
FN:18,(anonymous_3)
FNF:4
FNH:4
FNDA:3,(anonymous_0)
FNDA:3,(anonymous_1)
FNDA:3,(anonymous_2)
FNDA:3,(anonymous_3)
DA:1,1
DA:5,3
DA:9,3
DA:13,3
DA:14,3
DA:15,1
DA:19,3
DA:20,3
DA:21,1
DA:25,1
LF:10
LH:10
BRDA:14,0,0,2
BRDA:14,0,1,1
BRDA:20,1,0,2
BRDA:20,1,1,1
BRF:4
BRH:4
end_of_record
TN:
SF:services\notificationservices.js
FN:4,(anonymous_0)
FN:8,(anonymous_1)
FN:12,(anonymous_2)
FN:18,(anonymous_3)
FNF:4
FNH:0
FNDA:0,(anonymous_0)
FNDA:0,(anonymous_1)
FNDA:0,(anonymous_2)
FNDA:0,(anonymous_3)
DA:1,1
DA:5,0
DA:9,0
DA:13,0
DA:14,0
DA:15,0
DA:19,0
DA:20,0
DA:21,0
DA:25,1
LF:10
LH:2
BRDA:14,0,0,0
BRDA:14,0,1,0
BRDA:20,1,0,0
BRDA:20,1,1,0
BRF:4
BRH:0
end_of_record
TN:
SF:services\transactionServices.js
FN:6,(anonymous_0)
FN:58,(anonymous_1)
FN:61,(anonymous_2)
FN:77,(anonymous_3)
FN:83,(anonymous_4)
FNF:5
FNH:3
FNDA:2,(anonymous_0)
FNDA:0,(anonymous_1)
FNDA:0,(anonymous_2)
FNDA:2,(anonymous_3)
FNDA:1,(anonymous_4)
DA:1,1
DA:2,1
DA:7,2
DA:8,2
DA:9,2
DA:11,2
DA:12,1
DA:13,1
DA:16,1
DA:17,1
DA:18,1
DA:19,1
DA:21,1
DA:34,1
DA:36,1
DA:37,1
DA:50,1
DA:53,1
DA:55,1
DA:59,0
DA:60,0
DA:61,0
DA:63,0
DA:64,0
DA:71,0
DA:72,0
DA:74,0
DA:78,2
DA:79,2
DA:80,1
DA:84,1
DA:88,1
LF:32
LH:24
BRDA:11,0,0,1
BRDA:11,0,1,1
BRDA:12,1,0,0
BRDA:12,1,1,1
BRDA:13,2,0,0
BRDA:13,2,1,1
BRDA:16,3,0,1
BRDA:16,3,1,0
BRDA:17,4,0,0
BRDA:17,4,1,1
BRDA:36,5,0,1
BRDA:36,5,1,0
BRDA:61,6,0,0
BRDA:61,6,1,0
BRDA:63,7,0,0
BRDA:63,7,1,0
BRDA:63,8,0,0
BRDA:63,8,1,0
BRDA:79,9,0,1
BRDA:79,9,1,1
BRF:20
BRH:9
end_of_record
TN:
SF:services\userProfileServices.js
FN:5,(anonymous_0)
FN:11,(anonymous_1)
FNF:2
FNH:2
FNDA:2,(anonymous_0)
FNDA:2,(anonymous_1)
DA:1,1
DA:2,1
DA:6,2
DA:7,2
DA:8,1
DA:12,2
DA:13,2
DA:14,1
DA:19,1
LF:9
LH:9
BRDA:7,0,0,1
BRDA:7,0,1,1
BRDA:13,1,0,1
BRDA:13,1,1,1
BRF:4
BRH:4
end_of_record
TN:
SF:services\userServices.js
FN:8,(anonymous_0)
FN:12,(anonymous_1)
FN:28,(anonymous_2)
FN:44,(anonymous_3)
FN:48,(anonymous_4)
FN:52,(anonymous_5)
FN:56,(anonymous_6)
FN:60,(anonymous_7)
FN:68,(anonymous_8)
FN:89,(anonymous_9)
FNF:10
FNH:10
FNDA:1,(anonymous_0)
FNDA:2,(anonymous_1)
FNDA:3,(anonymous_2)
FNDA:1,(anonymous_3)
FNDA:1,(anonymous_4)
FNDA:1,(anonymous_5)
FNDA:1,(anonymous_6)
FNDA:2,(anonymous_7)
FNDA:2,(anonymous_8)
FNDA:2,(anonymous_9)
DA:1,1
DA:2,1
DA:3,1
DA:4,1
DA:5,1
DA:9,1
DA:13,2
DA:15,2
DA:16,1
DA:19,1
DA:20,0
DA:21,0
DA:24,1
DA:25,1
DA:29,3
DA:30,3
DA:31,1
DA:34,2
DA:35,1
DA:38,1
DA:41,1
DA:45,1
DA:49,1
DA:53,1
DA:57,1
DA:61,2
DA:62,2
DA:64,1
DA:65,1
DA:69,2
DA:70,2
DA:72,1
DA:73,1
DA:75,1
DA:80,1
DA:86,1
DA:90,2
DA:91,1
DA:94,1
DA:95,1
DA:97,1
DA:101,1
LF:42
LH:40
BRDA:15,0,0,1
BRDA:15,0,1,1
BRDA:19,1,0,0
BRDA:19,1,1,1
BRDA:21,2,0,0
BRDA:21,2,1,0
BRDA:30,3,0,1
BRDA:30,3,1,2
BRDA:34,4,0,1
BRDA:34,4,1,1
BRDA:62,5,0,1
BRDA:62,5,1,1
BRDA:70,6,0,1
BRDA:70,6,1,1
BRDA:90,7,0,1
BRDA:90,7,1,1
BRDA:90,8,0,2
BRDA:90,8,1,2
BRF:18
BRH:15
end_of_record
TN:
SF:services\vendorServices.js
FN:8,(anonymous_0)
FN:14,(anonymous_1)
FN:42,(anonymous_2)
FN:49,(anonymous_3)
FN:63,(anonymous_4)
FN:73,(anonymous_5)
FNF:6
FNH:5
FNDA:2,(anonymous_0)
FNDA:3,(anonymous_1)
FNDA:2,(anonymous_2)
FNDA:2,(anonymous_3)
FNDA:3,(anonymous_4)
FNDA:0,(anonymous_5)
DA:1,1
DA:2,1
DA:3,1
DA:4,1
DA:5,1
DA:9,2
DA:10,2
DA:11,1
DA:15,3
DA:16,3
DA:17,2
DA:18,1
DA:20,1
DA:22,1
DA:23,1
DA:24,1
DA:25,1
DA:28,1
DA:30,1
DA:38,1
DA:44,2
DA:45,2
DA:46,1
DA:50,2
DA:51,2
DA:53,1
DA:60,0
DA:64,3
DA:65,3
DA:67,2
DA:68,1
DA:70,1
DA:74,0
DA:78,1
LF:34
LH:32
BRDA:10,0,0,1
BRDA:10,0,1,1
BRDA:16,1,0,1
BRDA:16,1,1,2
BRDA:18,2,0,0
BRDA:18,2,1,1
BRDA:20,3,0,0
BRDA:20,3,1,1
BRDA:45,4,0,1
BRDA:45,4,1,1
BRDA:45,5,0,2
BRDA:45,5,1,1
BRDA:51,6,0,1
BRDA:51,6,1,1
BRDA:51,7,0,2
BRDA:51,7,1,1
BRDA:65,8,0,1
BRDA:65,8,1,2
BRDA:65,9,0,3
BRDA:65,9,1,2
BRDA:68,10,0,0
BRDA:68,10,1,1
BRF:22
BRH:19
end_of_record
TN:
SF:utils\email_checker.js
FN:13,sendMail
FN:14,(anonymous_1)
FN:23,(anonymous_2)
FNF:3
FNH:3
FNDA:3,sendMail
FNDA:3,(anonymous_1)
FNDA:3,(anonymous_2)
DA:2,1
DA:3,1
DA:5,1
DA:14,3
DA:15,3
DA:17,0
DA:19,3
DA:23,1
DA:24,3
DA:75,1
LF:10
LH:9
BRDA:15,0,0,0
BRDA:15,0,1,3
BRDA:55,1,0,3
BRDA:55,1,1,0
BRDA:56,2,0,3
BRDA:56,2,1,1
BRF:6
BRH:4
end_of_record
TN:
SF:utils\sendMail.js
FN:4,(anonymous_0)
FNF:1
FNH:1
FNDA:3,(anonymous_0)
DA:1,1
DA:4,1
DA:5,3
LF:3
LH:3
BRF:0
BRH:0
end_of_record
