{"C:\\Users\\abssa\\Desktop\\Staging\\fraud-detection-master (1)\\fraud-detection-master\\micro-services\\dependency-injector\\server\\middlewares\\adminAuth.js":{"path":"C:\\Users\\abssa\\Desktop\\Staging\\fraud-detection-master (1)\\fraud-detection-master\\micro-services\\dependency-injector\\server\\middlewares\\adminAuth.js","statementMap":{"0":{"start":{"line":1,"column":12},"end":{"line":1,"column":35}},"1":{"start":{"line":2,"column":0},"end":{"line":2,"column":27}},"2":{"start":{"line":4,"column":22},"end":{"line":24,"column":1}},"3":{"start":{"line":5,"column":4},"end":{"line":22,"column":5}},"4":{"start":{"line":6,"column":22},"end":{"line":6,"column":64}},"5":{"start":{"line":8,"column":8},"end":{"line":10,"column":9}},"6":{"start":{"line":9,"column":12},"end":{"line":9,"column":81}},"7":{"start":{"line":12,"column":24},"end":{"line":12,"column":65}},"8":{"start":{"line":13,"column":8},"end":{"line":13,"column":28}},"9":{"start":{"line":15,"column":8},"end":{"line":17,"column":9}},"10":{"start":{"line":16,"column":12},"end":{"line":16,"column":83}},"11":{"start":{"line":19,"column":8},"end":{"line":19,"column":15}},"12":{"start":{"line":21,"column":8},"end":{"line":21,"column":70}},"13":{"start":{"line":26,"column":18},"end":{"line":33,"column":1}},"14":{"start":{"line":27,"column":4},"end":{"line":32,"column":6}},"15":{"start":{"line":28,"column":8},"end":{"line":30,"column":9}},"16":{"start":{"line":29,"column":12},"end":{"line":29,"column":96}},"17":{"start":{"line":31,"column":8},"end":{"line":31,"column":15}},"18":{"start":{"line":35,"column":0},"end":{"line":35,"column":46}}},"fnMap":{"0":{"name":"(anonymous_0)","decl":{"start":{"line":4,"column":22},"end":{"line":4,"column":23}},"loc":{"start":{"line":4,"column":48},"end":{"line":24,"column":1}},"line":4},"1":{"name":"(anonymous_1)","decl":{"start":{"line":26,"column":18},"end":{"line":26,"column":19}},"loc":{"start":{"line":26,"column":32},"end":{"line":33,"column":1}},"line":26},"2":{"name":"(anonymous_2)","decl":{"start":{"line":27,"column":11},"end":{"line":27,"column":12}},"loc":{"start":{"line":27,"column":31},"end":{"line":32,"column":5}},"line":27}},"branchMap":{"0":{"loc":{"start":{"line":8,"column":8},"end":{"line":10,"column":9}},"type":"if","locations":[{"start":{"line":8,"column":8},"end":{"line":10,"column":9}},{"start":{},"end":{}}],"line":8},"1":{"loc":{"start":{"line":15,"column":8},"end":{"line":17,"column":9}},"type":"if","locations":[{"start":{"line":15,"column":8},"end":{"line":17,"column":9}},{"start":{},"end":{}}],"line":15},"2":{"loc":{"start":{"line":28,"column":8},"end":{"line":30,"column":9}},"type":"if","locations":[{"start":{"line":28,"column":8},"end":{"line":30,"column":9}},{"start":{},"end":{}}],"line":28}},"s":{"0":1,"1":1,"2":1,"3":4,"4":4,"5":4,"6":1,"7":3,"8":2,"9":2,"10":1,"11":1,"12":1,"13":1,"14":2,"15":2,"16":1,"17":1,"18":1},"f":{"0":4,"1":2,"2":2},"b":{"0":[1,3],"1":[1,1],"2":[1,1]},"_coverageSchema":"1a1c01bbd47fc00a2c39e90264f33305004495a9","hash":"3e999ba5d409626640304a475f85c11b4d7a2096","contentHash":"27e52b38154124b57223e2368b9558542c08b32d975edd42bd12c484d70e9432"},"C:\\Users\\abssa\\Desktop\\Staging\\fraud-detection-master (1)\\fraud-detection-master\\micro-services\\dependency-injector\\server\\controllers\\adminController.js":{"path":"C:\\Users\\abssa\\Desktop\\Staging\\fraud-detection-master (1)\\fraud-detection-master\\micro-services\\dependency-injector\\server\\controllers\\adminController.js","statementMap":{"0":{"start":{"line":1,"column":22},"end":{"line":1,"column":58}},"1":{"start":{"line":2,"column":21},"end":{"line":2,"column":57}},"2":{"start":{"line":3,"column":19},"end":{"line":3,"column":47}},"3":{"start":{"line":8,"column":8},"end":{"line":13,"column":9}},"4":{"start":{"line":9,"column":26},"end":{"line":9,"column":68}},"5":{"start":{"line":10,"column":12},"end":{"line":10,"column":86}},"6":{"start":{"line":12,"column":12},"end":{"line":12,"column":59}},"7":{"start":{"line":18,"column":8},"end":{"line":25,"column":9}},"8":{"start":{"line":19,"column":29},"end":{"line":19,"column":64}},"9":{"start":{"line":21,"column":12},"end":{"line":21,"column":49}},"10":{"start":{"line":24,"column":12},"end":{"line":24,"column":59}},"11":{"start":{"line":30,"column":8},"end":{"line":36,"column":9}},"12":{"start":{"line":31,"column":29},"end":{"line":31,"column":102}},"13":{"start":{"line":32,"column":12},"end":{"line":32,"column":64}},"14":{"start":{"line":34,"column":12},"end":{"line":34,"column":40}},"15":{"start":{"line":35,"column":12},"end":{"line":35,"column":59}},"16":{"start":{"line":39,"column":8},"end":{"line":44,"column":9}},"17":{"start":{"line":40,"column":29},"end":{"line":40,"column":127}},"18":{"start":{"line":41,"column":12},"end":{"line":41,"column":105}},"19":{"start":{"line":43,"column":12},"end":{"line":43,"column":59}},"20":{"start":{"line":47,"column":8},"end":{"line":52,"column":9}},"21":{"start":{"line":48,"column":29},"end":{"line":48,"column":87}},"22":{"start":{"line":49,"column":12},"end":{"line":49,"column":93}},"23":{"start":{"line":51,"column":12},"end":{"line":51,"column":59}},"24":{"start":{"line":56,"column":8},"end":{"line":61,"column":9}},"25":{"start":{"line":57,"column":35},"end":{"line":57,"column":73}},"26":{"start":{"line":58,"column":12},"end":{"line":58,"column":49}},"27":{"start":{"line":60,"column":12},"end":{"line":60,"column":59}},"28":{"start":{"line":66,"column":8},"end":{"line":71,"column":9}},"29":{"start":{"line":67,"column":26},"end":{"line":67,"column":77}},"30":{"start":{"line":68,"column":12},"end":{"line":68,"column":40}},"31":{"start":{"line":70,"column":12},"end":{"line":70,"column":59}},"32":{"start":{"line":76,"column":8},"end":{"line":82,"column":9}},"33":{"start":{"line":77,"column":51},"end":{"line":77,"column":59}},"34":{"start":{"line":78,"column":35},"end":{"line":78,"column":120}},"35":{"start":{"line":79,"column":12},"end":{"line":79,"column":49}},"36":{"start":{"line":81,"column":12},"end":{"line":81,"column":59}},"37":{"start":{"line":87,"column":8},"end":{"line":93,"column":9}},"38":{"start":{"line":88,"column":32},"end":{"line":88,"column":95}},"39":{"start":{"line":89,"column":12},"end":{"line":89,"column":46}},"40":{"start":{"line":92,"column":12},"end":{"line":92,"column":59}},"41":{"start":{"line":98,"column":8},"end":{"line":104,"column":9}},"42":{"start":{"line":99,"column":43},"end":{"line":99,"column":51}},"43":{"start":{"line":100,"column":27},"end":{"line":100,"column":102}},"44":{"start":{"line":101,"column":12},"end":{"line":101,"column":41}},"45":{"start":{"line":103,"column":12},"end":{"line":103,"column":59}},"46":{"start":{"line":108,"column":0},"end":{"line":108,"column":39}}},"fnMap":{"0":{"name":"(anonymous_0)","decl":{"start":{"line":7,"column":4},"end":{"line":7,"column":5}},"loc":{"start":{"line":7,"column":34},"end":{"line":14,"column":5}},"line":7},"1":{"name":"(anonymous_1)","decl":{"start":{"line":17,"column":4},"end":{"line":17,"column":5}},"loc":{"start":{"line":17,"column":34},"end":{"line":26,"column":5}},"line":17},"2":{"name":"(anonymous_2)","decl":{"start":{"line":29,"column":4},"end":{"line":29,"column":5}},"loc":{"start":{"line":29,"column":34},"end":{"line":37,"column":5}},"line":29},"3":{"name":"(anonymous_3)","decl":{"start":{"line":38,"column":4},"end":{"line":38,"column":5}},"loc":{"start":{"line":38,"column":41},"end":{"line":45,"column":5}},"line":38},"4":{"name":"(anonymous_4)","decl":{"start":{"line":46,"column":4},"end":{"line":46,"column":5}},"loc":{"start":{"line":46,"column":40},"end":{"line":53,"column":5}},"line":46},"5":{"name":"(anonymous_5)","decl":{"start":{"line":55,"column":4},"end":{"line":55,"column":5}},"loc":{"start":{"line":55,"column":38},"end":{"line":62,"column":5}},"line":55},"6":{"name":"(anonymous_6)","decl":{"start":{"line":65,"column":4},"end":{"line":65,"column":5}},"loc":{"start":{"line":65,"column":36},"end":{"line":72,"column":5}},"line":65},"7":{"name":"(anonymous_7)","decl":{"start":{"line":75,"column":4},"end":{"line":75,"column":5}},"loc":{"start":{"line":75,"column":40},"end":{"line":83,"column":5}},"line":75},"8":{"name":"(anonymous_8)","decl":{"start":{"line":86,"column":4},"end":{"line":86,"column":5}},"loc":{"start":{"line":86,"column":38},"end":{"line":94,"column":5}},"line":86},"9":{"name":"(anonymous_9)","decl":{"start":{"line":97,"column":4},"end":{"line":97,"column":5}},"loc":{"start":{"line":97,"column":40},"end":{"line":105,"column":5}},"line":97}},"branchMap":{"0":{"loc":{"start":{"line":21,"column":33},"end":{"line":21,"column":47}},"type":"binary-expr","locations":[{"start":{"line":21,"column":33},"end":{"line":21,"column":41}},{"start":{"line":21,"column":45},"end":{"line":21,"column":47}}],"line":21}},"s":{"0":1,"1":1,"2":1,"3":2,"4":2,"5":1,"6":1,"7":2,"8":2,"9":1,"10":1,"11":2,"12":2,"13":1,"14":1,"15":1,"16":2,"17":2,"18":1,"19":1,"20":2,"21":2,"22":1,"23":1,"24":2,"25":2,"26":1,"27":1,"28":0,"29":0,"30":0,"31":0,"32":0,"33":0,"34":0,"35":0,"36":0,"37":2,"38":2,"39":1,"40":1,"41":0,"42":0,"43":0,"44":0,"45":0,"46":1},"f":{"0":2,"1":2,"2":2,"3":2,"4":2,"5":2,"6":0,"7":0,"8":2,"9":0},"b":{"0":[1,0]},"_coverageSchema":"1a1c01bbd47fc00a2c39e90264f33305004495a9","hash":"a920987253f7351249cf44e18f36724a7bbd4dca","contentHash":"b3c05f87c2185f7d0d0e591f3f28c531d56d1c064f1390b57df621fde8c1ae97"},"C:\\Users\\abssa\\Desktop\\Staging\\fraud-detection-master (1)\\fraud-detection-master\\micro-services\\dependency-injector\\server\\services\\adminServices.js":{"path":"C:\\Users\\abssa\\Desktop\\Staging\\fraud-detection-master (1)\\fraud-detection-master\\micro-services\\dependency-injector\\server\\services\\adminServices.js","statementMap":{"0":{"start":{"line":1,"column":15},"end":{"line":1,"column":32}},"1":{"start":{"line":2,"column":12},"end":{"line":2,"column":35}},"2":{"start":{"line":3,"column":19},"end":{"line":3,"column":40}},"3":{"start":{"line":4,"column":23},"end":{"line":4,"column":64}},"4":{"start":{"line":5,"column":31},"end":{"line":5,"column":80}},"5":{"start":{"line":6,"column":30},"end":{"line":6,"column":78}},"6":{"start":{"line":7,"column":24},"end":{"line":7,"column":66}},"7":{"start":{"line":8,"column":19},"end":{"line":8,"column":47}},"8":{"start":{"line":9,"column":14},"end":{"line":9,"column":30}},"9":{"start":{"line":10,"column":15},"end":{"line":10,"column":32}},"10":{"start":{"line":17,"column":8},"end":{"line":19,"column":9}},"11":{"start":{"line":18,"column":12},"end":{"line":18,"column":52}},"12":{"start":{"line":21,"column":22},"end":{"line":21,"column":50}},"13":{"start":{"line":22,"column":8},"end":{"line":22,"column":71}},"14":{"start":{"line":23,"column":8},"end":{"line":23,"column":36}},"15":{"start":{"line":25,"column":8},"end":{"line":25,"column":60}},"16":{"start":{"line":30,"column":23},"end":{"line":30,"column":66}},"17":{"start":{"line":31,"column":8},"end":{"line":31,"column":57}},"18":{"start":{"line":31,"column":21},"end":{"line":31,"column":57}},"19":{"start":{"line":33,"column":27},"end":{"line":33,"column":44}},"20":{"start":{"line":35,"column":28},"end":{"line":35,"column":111}},"21":{"start":{"line":35,"column":68},"end":{"line":35,"column":110}},"22":{"start":{"line":36,"column":8},"end":{"line":36,"column":83}},"23":{"start":{"line":36,"column":26},"end":{"line":36,"column":83}},"24":{"start":{"line":38,"column":32},"end":{"line":38,"column":101}},"25":{"start":{"line":39,"column":39},"end":{"line":39,"column":100}},"26":{"start":{"line":39,"column":71},"end":{"line":39,"column":99}},"27":{"start":{"line":40,"column":8},"end":{"line":42,"column":9}},"28":{"start":{"line":41,"column":11},"end":{"line":41,"column":65}},"29":{"start":{"line":44,"column":8},"end":{"line":44,"column":107}},"30":{"start":{"line":45,"column":8},"end":{"line":45,"column":82}},"31":{"start":{"line":49,"column":24},"end":{"line":49,"column":74}},"32":{"start":{"line":50,"column":8},"end":{"line":52,"column":9}},"33":{"start":{"line":51,"column":12},"end":{"line":51,"column":80}},"34":{"start":{"line":53,"column":23},"end":{"line":53,"column":66}},"35":{"start":{"line":54,"column":8},"end":{"line":54,"column":57}},"36":{"start":{"line":54,"column":21},"end":{"line":54,"column":57}},"37":{"start":{"line":55,"column":27},"end":{"line":55,"column":44}},"38":{"start":{"line":57,"column":25},"end":{"line":57,"column":125}},"39":{"start":{"line":58,"column":8},"end":{"line":58,"column":72}},"40":{"start":{"line":58,"column":35},"end":{"line":58,"column":72}},"41":{"start":{"line":60,"column":8},"end":{"line":60,"column":75}},"42":{"start":{"line":61,"column":8},"end":{"line":61,"column":28}},"43":{"start":{"line":62,"column":8},"end":{"line":62,"column":73}},"44":{"start":{"line":63,"column":8},"end":{"line":65,"column":21}},"45":{"start":{"line":64,"column":12},"end":{"line":64,"column":71}},"46":{"start":{"line":68,"column":21},"end":{"line":68,"column":96}},"47":{"start":{"line":69,"column":24},"end":{"line":69,"column":60}},"48":{"start":{"line":71,"column":8},"end":{"line":71,"column":57}},"49":{"start":{"line":73,"column":8},"end":{"line":73,"column":83}},"50":{"start":{"line":77,"column":8},"end":{"line":81,"column":28}},"51":{"start":{"line":78,"column":27},"end":{"line":78,"column":70}},"52":{"start":{"line":79,"column":12},"end":{"line":79,"column":100}},"53":{"start":{"line":79,"column":56},"end":{"line":79,"column":98}},"54":{"start":{"line":80,"column":12},"end":{"line":80,"column":32}},"55":{"start":{"line":85,"column":24},"end":{"line":85,"column":74}},"56":{"start":{"line":86,"column":8},"end":{"line":88,"column":9}},"57":{"start":{"line":87,"column":12},"end":{"line":87,"column":80}},"58":{"start":{"line":90,"column":8},"end":{"line":90,"column":73}},"59":{"start":{"line":91,"column":8},"end":{"line":93,"column":21}},"60":{"start":{"line":92,"column":12},"end":{"line":92,"column":71}},"61":{"start":{"line":95,"column":8},"end":{"line":95,"column":55}},"62":{"start":{"line":99,"column":8},"end":{"line":99,"column":60}},"63":{"start":{"line":103,"column":22},"end":{"line":103,"column":67}},"64":{"start":{"line":104,"column":8},"end":{"line":104,"column":55}},"65":{"start":{"line":104,"column":20},"end":{"line":104,"column":55}},"66":{"start":{"line":105,"column":8},"end":{"line":105,"column":21}},"67":{"start":{"line":109,"column":8},"end":{"line":109,"column":54}},"68":{"start":{"line":115,"column":31},"end":{"line":115,"column":109}},"69":{"start":{"line":116,"column":8},"end":{"line":136,"column":9}},"70":{"start":{"line":117,"column":25},"end":{"line":117,"column":83}},"71":{"start":{"line":118,"column":12},"end":{"line":118,"column":55}},"72":{"start":{"line":118,"column":22},"end":{"line":118,"column":55}},"73":{"start":{"line":119,"column":12},"end":{"line":126,"column":124}},"74":{"start":{"line":127,"column":12},"end":{"line":134,"column":14}},"75":{"start":{"line":135,"column":12},"end":{"line":135,"column":33}},"76":{"start":{"line":141,"column":8},"end":{"line":141,"column":78}},"77":{"start":{"line":145,"column":23},"end":{"line":145,"column":84}},"78":{"start":{"line":148,"column":28},"end":{"line":151,"column":10}},"79":{"start":{"line":153,"column":8},"end":{"line":160,"column":11}},"80":{"start":{"line":162,"column":8},"end":{"line":162,"column":22}},"81":{"start":{"line":167,"column":0},"end":{"line":167,"column":36}}},"fnMap":{"0":{"name":"(anonymous_0)","decl":{"start":{"line":15,"column":4},"end":{"line":15,"column":5}},"loc":{"start":{"line":15,"column":35},"end":{"line":26,"column":5}},"line":15},"1":{"name":"(anonymous_1)","decl":{"start":{"line":29,"column":4},"end":{"line":29,"column":5}},"loc":{"start":{"line":29,"column":46},"end":{"line":46,"column":5}},"line":29},"2":{"name":"(anonymous_2)","decl":{"start":{"line":35,"column":53},"end":{"line":35,"column":54}},"loc":{"start":{"line":35,"column":68},"end":{"line":35,"column":110}},"line":35},"3":{"name":"(anonymous_3)","decl":{"start":{"line":39,"column":60},"end":{"line":39,"column":61}},"loc":{"start":{"line":39,"column":71},"end":{"line":39,"column":99}},"line":39},"4":{"name":"(anonymous_4)","decl":{"start":{"line":48,"column":4},"end":{"line":48,"column":5}},"loc":{"start":{"line":48,"column":64},"end":{"line":74,"column":5}},"line":48},"5":{"name":"(anonymous_5)","decl":{"start":{"line":63,"column":19},"end":{"line":63,"column":20}},"loc":{"start":{"line":63,"column":30},"end":{"line":65,"column":9}},"line":63},"6":{"name":"(anonymous_6)","decl":{"start":{"line":76,"column":4},"end":{"line":76,"column":5}},"loc":{"start":{"line":76,"column":44},"end":{"line":82,"column":5}},"line":76},"7":{"name":"(anonymous_7)","decl":{"start":{"line":77,"column":19},"end":{"line":77,"column":20}},"loc":{"start":{"line":77,"column":31},"end":{"line":81,"column":9}},"line":77},"8":{"name":"(anonymous_8)","decl":{"start":{"line":79,"column":49},"end":{"line":79,"column":50}},"loc":{"start":{"line":79,"column":56},"end":{"line":79,"column":98}},"line":79},"9":{"name":"(anonymous_9)","decl":{"start":{"line":84,"column":4},"end":{"line":84,"column":5}},"loc":{"start":{"line":84,"column":41},"end":{"line":96,"column":5}},"line":84},"10":{"name":"(anonymous_10)","decl":{"start":{"line":91,"column":19},"end":{"line":91,"column":20}},"loc":{"start":{"line":91,"column":30},"end":{"line":93,"column":9}},"line":91},"11":{"name":"(anonymous_11)","decl":{"start":{"line":98,"column":4},"end":{"line":98,"column":5}},"loc":{"start":{"line":98,"column":30},"end":{"line":100,"column":5}},"line":98},"12":{"name":"(anonymous_12)","decl":{"start":{"line":102,"column":4},"end":{"line":102,"column":5}},"loc":{"start":{"line":102,"column":33},"end":{"line":106,"column":5}},"line":102},"13":{"name":"(anonymous_13)","decl":{"start":{"line":108,"column":4},"end":{"line":108,"column":5}},"loc":{"start":{"line":108,"column":26},"end":{"line":110,"column":5}},"line":108},"14":{"name":"(anonymous_14)","decl":{"start":{"line":114,"column":4},"end":{"line":114,"column":5}},"loc":{"start":{"line":114,"column":67},"end":{"line":138,"column":5}},"line":114},"15":{"name":"(anonymous_15)","decl":{"start":{"line":140,"column":4},"end":{"line":140,"column":5}},"loc":{"start":{"line":140,"column":43},"end":{"line":142,"column":5}},"line":140},"16":{"name":"(anonymous_16)","decl":{"start":{"line":144,"column":4},"end":{"line":144,"column":5}},"loc":{"start":{"line":144,"column":62},"end":{"line":163,"column":5}},"line":144}},"branchMap":{"0":{"loc":{"start":{"line":17,"column":8},"end":{"line":19,"column":9}},"type":"if","locations":[{"start":{"line":17,"column":8},"end":{"line":19,"column":9}},{"start":{},"end":{}}],"line":17},"1":{"loc":{"start":{"line":31,"column":8},"end":{"line":31,"column":57}},"type":"if","locations":[{"start":{"line":31,"column":8},"end":{"line":31,"column":57}},{"start":{},"end":{}}],"line":31},"2":{"loc":{"start":{"line":36,"column":8},"end":{"line":36,"column":83}},"type":"if","locations":[{"start":{"line":36,"column":8},"end":{"line":36,"column":83}},{"start":{},"end":{}}],"line":36},"3":{"loc":{"start":{"line":40,"column":8},"end":{"line":42,"column":9}},"type":"if","locations":[{"start":{"line":40,"column":8},"end":{"line":42,"column":9}},{"start":{},"end":{}}],"line":40},"4":{"loc":{"start":{"line":40,"column":12},"end":{"line":40,"column":53}},"type":"binary-expr","locations":[{"start":{"line":40,"column":12},"end":{"line":40,"column":27}},{"start":{"line":40,"column":31},"end":{"line":40,"column":53}}],"line":40},"5":{"loc":{"start":{"line":50,"column":8},"end":{"line":52,"column":9}},"type":"if","locations":[{"start":{"line":50,"column":8},"end":{"line":52,"column":9}},{"start":{},"end":{}}],"line":50},"6":{"loc":{"start":{"line":50,"column":12},"end":{"line":50,"column":52}},"type":"binary-expr","locations":[{"start":{"line":50,"column":12},"end":{"line":50,"column":20}},{"start":{"line":50,"column":24},"end":{"line":50,"column":52}}],"line":50},"7":{"loc":{"start":{"line":54,"column":8},"end":{"line":54,"column":57}},"type":"if","locations":[{"start":{"line":54,"column":8},"end":{"line":54,"column":57}},{"start":{},"end":{}}],"line":54},"8":{"loc":{"start":{"line":58,"column":8},"end":{"line":58,"column":72}},"type":"if","locations":[{"start":{"line":58,"column":8},"end":{"line":58,"column":72}},{"start":{},"end":{}}],"line":58},"9":{"loc":{"start":{"line":86,"column":8},"end":{"line":88,"column":9}},"type":"if","locations":[{"start":{"line":86,"column":8},"end":{"line":88,"column":9}},{"start":{},"end":{}}],"line":86},"10":{"loc":{"start":{"line":86,"column":12},"end":{"line":86,"column":52}},"type":"binary-expr","locations":[{"start":{"line":86,"column":12},"end":{"line":86,"column":20}},{"start":{"line":86,"column":24},"end":{"line":86,"column":52}}],"line":86},"11":{"loc":{"start":{"line":104,"column":8},"end":{"line":104,"column":55}},"type":"if","locations":[{"start":{"line":104,"column":8},"end":{"line":104,"column":55}},{"start":{},"end":{}}],"line":104},"12":{"loc":{"start":{"line":116,"column":8},"end":{"line":136,"column":9}},"type":"if","locations":[{"start":{"line":116,"column":8},"end":{"line":136,"column":9}},{"start":{},"end":{}}],"line":116},"13":{"loc":{"start":{"line":118,"column":12},"end":{"line":118,"column":55}},"type":"if","locations":[{"start":{"line":118,"column":12},"end":{"line":118,"column":55}},{"start":{},"end":{}}],"line":118},"14":{"loc":{"start":{"line":126,"column":16},"end":{"line":126,"column":123}},"type":"cond-expr","locations":[{"start":{"line":126,"column":44},"end":{"line":126,"column":69}},{"start":{"line":126,"column":73},"end":{"line":126,"column":123}}],"line":126}},"s":{"0":1,"1":1,"2":1,"3":1,"4":1,"5":1,"6":1,"7":1,"8":1,"9":1,"10":2,"11":1,"12":1,"13":1,"14":1,"15":1,"16":3,"17":3,"18":1,"19":2,"20":2,"21":2,"22":2,"23":0,"24":2,"25":2,"26":1,"27":2,"28":1,"29":1,"30":1,"31":2,"32":2,"33":1,"34":1,"35":1,"36":0,"37":1,"38":1,"39":1,"40":0,"41":1,"42":1,"43":1,"44":1,"45":0,"46":1,"47":1,"48":1,"49":1,"50":1,"51":0,"52":0,"53":0,"54":0,"55":2,"56":2,"57":1,"58":1,"59":1,"60":0,"61":1,"62":0,"63":0,"64":0,"65":0,"66":0,"67":0,"68":0,"69":0,"70":0,"71":0,"72":0,"73":0,"74":0,"75":0,"76":0,"77":1,"78":1,"79":1,"80":1,"81":1},"f":{"0":2,"1":3,"2":2,"3":1,"4":2,"5":0,"6":1,"7":0,"8":0,"9":2,"10":0,"11":0,"12":0,"13":0,"14":0,"15":0,"16":1},"b":{"0":[1,1],"1":[1,2],"2":[0,2],"3":[1,1],"4":[2,2],"5":[1,1],"6":[2,1],"7":[0,1],"8":[0,1],"9":[1,1],"10":[2,1],"11":[0,0],"12":[0,0],"13":[0,0],"14":[0,0]},"_coverageSchema":"1a1c01bbd47fc00a2c39e90264f33305004495a9","hash":"cd7ddd23db3d76771ab3c4ae4b16f03b40eeed61","contentHash":"8611aae1621b918622dc69eebdfaee8d7846995645144572bbd2eabaeca9725f"},"C:\\Users\\abssa\\Desktop\\Staging\\fraud-detection-master (1)\\fraud-detection-master\\micro-services\\dependency-injector\\server\\repositories\\userRepository.js":{"path":"C:\\Users\\abssa\\Desktop\\Staging\\fraud-detection-master (1)\\fraud-detection-master\\micro-services\\dependency-injector\\server\\repositories\\userRepository.js","statementMap":{"0":{"start":{"line":1,"column":18},"end":{"line":1,"column":48}},"1":{"start":{"line":5,"column":8},"end":{"line":5,"column":48}},"2":{"start":{"line":9,"column":8},"end":{"line":9,"column":65}},"3":{"start":{"line":13,"column":8},"end":{"line":13,"column":50}},"4":{"start":{"line":17,"column":8},"end":{"line":17,"column":50}},"5":{"start":{"line":21,"column":8},"end":{"line":21,"column":49}},"6":{"start":{"line":25,"column":8},"end":{"line":25,"column":48}},"7":{"start":{"line":29,"column":8},"end":{"line":29,"column":60}},"8":{"start":{"line":33,"column":8},"end":{"line":33,"column":84}},"9":{"start":{"line":37,"column":8},"end":{"line":37,"column":57}},"10":{"start":{"line":41,"column":8},"end":{"line":41,"column":38}},"11":{"start":{"line":45,"column":8},"end":{"line":45,"column":83}},"12":{"start":{"line":49,"column":21},"end":{"line":49,"column":60}},"13":{"start":{"line":50,"column":8},"end":{"line":50,"column":35}},"14":{"start":{"line":54,"column":8},"end":{"line":54,"column":85}},"15":{"start":{"line":58,"column":0},"end":{"line":58,"column":38}}},"fnMap":{"0":{"name":"(anonymous_0)","decl":{"start":{"line":4,"column":4},"end":{"line":4,"column":5}},"loc":{"start":{"line":4,"column":31},"end":{"line":6,"column":5}},"line":4},"1":{"name":"(anonymous_1)","decl":{"start":{"line":8,"column":4},"end":{"line":8,"column":5}},"loc":{"start":{"line":8,"column":33},"end":{"line":10,"column":5}},"line":8},"2":{"name":"(anonymous_2)","decl":{"start":{"line":12,"column":4},"end":{"line":12,"column":5}},"loc":{"start":{"line":12,"column":33},"end":{"line":14,"column":5}},"line":12},"3":{"name":"(anonymous_3)","decl":{"start":{"line":16,"column":4},"end":{"line":16,"column":5}},"loc":{"start":{"line":16,"column":33},"end":{"line":18,"column":5}},"line":16},"4":{"name":"(anonymous_4)","decl":{"start":{"line":20,"column":4},"end":{"line":20,"column":5}},"loc":{"start":{"line":20,"column":31},"end":{"line":22,"column":5}},"line":20},"5":{"name":"(anonymous_5)","decl":{"start":{"line":24,"column":4},"end":{"line":24,"column":5}},"loc":{"start":{"line":24,"column":31},"end":{"line":26,"column":5}},"line":24},"6":{"name":"(anonymous_6)","decl":{"start":{"line":28,"column":4},"end":{"line":28,"column":5}},"loc":{"start":{"line":28,"column":47},"end":{"line":30,"column":5}},"line":28},"7":{"name":"(anonymous_7)","decl":{"start":{"line":32,"column":4},"end":{"line":32,"column":5}},"loc":{"start":{"line":32,"column":45},"end":{"line":34,"column":5}},"line":32},"8":{"name":"(anonymous_8)","decl":{"start":{"line":36,"column":4},"end":{"line":36,"column":5}},"loc":{"start":{"line":36,"column":33},"end":{"line":38,"column":5}},"line":36},"9":{"name":"(anonymous_9)","decl":{"start":{"line":40,"column":4},"end":{"line":40,"column":5}},"loc":{"start":{"line":40,"column":24},"end":{"line":42,"column":5}},"line":40},"10":{"name":"(anonymous_10)","decl":{"start":{"line":44,"column":4},"end":{"line":44,"column":5}},"loc":{"start":{"line":44,"column":31},"end":{"line":46,"column":5}},"line":44},"11":{"name":"(anonymous_11)","decl":{"start":{"line":48,"column":4},"end":{"line":48,"column":5}},"loc":{"start":{"line":48,"column":32},"end":{"line":51,"column":5}},"line":48},"12":{"name":"(anonymous_12)","decl":{"start":{"line":53,"column":4},"end":{"line":53,"column":5}},"loc":{"start":{"line":53,"column":40},"end":{"line":55,"column":5}},"line":53}},"branchMap":{"0":{"loc":{"start":{"line":50,"column":15},"end":{"line":50,"column":34}},"type":"cond-expr","locations":[{"start":{"line":50,"column":22},"end":{"line":50,"column":26}},{"start":{"line":50,"column":29},"end":{"line":50,"column":34}}],"line":50}},"s":{"0":1,"1":1,"2":2,"3":3,"4":0,"5":0,"6":2,"7":0,"8":2,"9":2,"10":2,"11":1,"12":2,"13":2,"14":2,"15":1},"f":{"0":1,"1":2,"2":3,"3":0,"4":0,"5":2,"6":0,"7":2,"8":2,"9":2,"10":1,"11":2,"12":2},"b":{"0":[1,1]},"_coverageSchema":"1a1c01bbd47fc00a2c39e90264f33305004495a9","hash":"ca53f9122008b46d0904041dbb4d36abf221874b","contentHash":"9acfc3f76fe59e6ca96f4bd2bc1a9241f471389a3d4d200a61478bee748de5ac"},"C:\\Users\\abssa\\Desktop\\Staging\\fraud-detection-master (1)\\fraud-detection-master\\micro-services\\dependency-injector\\server\\models\\userModel.js":{"path":"C:\\Users\\abssa\\Desktop\\Staging\\fraud-detection-master (1)\\fraud-detection-master\\micro-services\\dependency-injector\\server\\models\\userModel.js","statementMap":{"0":{"start":{"line":1,"column":17},"end":{"line":1,"column":36}},"1":{"start":{"line":3,"column":26},"end":{"line":22,"column":2}},"2":{"start":{"line":24,"column":19},"end":{"line":42,"column":24}},"3":{"start":{"line":44,"column":18},"end":{"line":44,"column":52}},"4":{"start":{"line":46,"column":0},"end":{"line":46,"column":27}}},"fnMap":{},"branchMap":{},"s":{"0":1,"1":1,"2":1,"3":1,"4":1},"f":{},"b":{},"_coverageSchema":"1a1c01bbd47fc00a2c39e90264f33305004495a9","hash":"6565bdf4871fe05e94d7f35ed30fd8f4f94282e7","contentHash":"8901e133d66f04ff7406d4ad40b8814cf13b6b7a44157da5506379de84cdc8f3"},"C:\\Users\\abssa\\Desktop\\Staging\\fraud-detection-master (1)\\fraud-detection-master\\micro-services\\dependency-injector\\server\\repositories\\notificationRepository.js":{"path":"C:\\Users\\abssa\\Desktop\\Staging\\fraud-detection-master (1)\\fraud-detection-master\\micro-services\\dependency-injector\\server\\repositories\\notificationRepository.js","statementMap":{"0":{"start":{"line":1,"column":26},"end":{"line":1,"column":62}},"1":{"start":{"line":5,"column":8},"end":{"line":5,"column":64}},"2":{"start":{"line":9,"column":8},"end":{"line":9,"column":79}},"3":{"start":{"line":13,"column":8},"end":{"line":13,"column":52}},"4":{"start":{"line":17,"column":8},"end":{"line":17,"column":94}},"5":{"start":{"line":23,"column":0},"end":{"line":23,"column":46}}},"fnMap":{"0":{"name":"(anonymous_0)","decl":{"start":{"line":4,"column":4},"end":{"line":4,"column":5}},"loc":{"start":{"line":4,"column":47},"end":{"line":6,"column":5}},"line":4},"1":{"name":"(anonymous_1)","decl":{"start":{"line":8,"column":4},"end":{"line":8,"column":5}},"loc":{"start":{"line":8,"column":38},"end":{"line":10,"column":5}},"line":8},"2":{"name":"(anonymous_2)","decl":{"start":{"line":12,"column":4},"end":{"line":12,"column":5}},"loc":{"start":{"line":12,"column":34},"end":{"line":14,"column":5}},"line":12},"3":{"name":"(anonymous_3)","decl":{"start":{"line":16,"column":4},"end":{"line":16,"column":5}},"loc":{"start":{"line":16,"column":37},"end":{"line":18,"column":5}},"line":16}},"branchMap":{},"s":{"0":1,"1":1,"2":0,"3":2,"4":2,"5":1},"f":{"0":1,"1":0,"2":2,"3":2},"b":{},"_coverageSchema":"1a1c01bbd47fc00a2c39e90264f33305004495a9","hash":"aacb0e608feb9251b3a02084c073d4ad88a43e18","contentHash":"a20bef074604f074504cee4c76362c0d919a0a2bcae0fbb28b855e310a55fa14"},"C:\\Users\\abssa\\Desktop\\Staging\\fraud-detection-master (1)\\fraud-detection-master\\micro-services\\dependency-injector\\server\\models\\noticationModel.js":{"path":"C:\\Users\\abssa\\Desktop\\Staging\\fraud-detection-master (1)\\fraud-detection-master\\micro-services\\dependency-injector\\server\\models\\noticationModel.js","statementMap":{"0":{"start":{"line":1,"column":17},"end":{"line":1,"column":36}},"1":{"start":{"line":3,"column":27},"end":{"line":11,"column":2}},"2":{"start":{"line":13,"column":26},"end":{"line":13,"column":76}},"3":{"start":{"line":14,"column":0},"end":{"line":14,"column":34}}},"fnMap":{},"branchMap":{},"s":{"0":1,"1":1,"2":1,"3":1},"f":{},"b":{},"_coverageSchema":"1a1c01bbd47fc00a2c39e90264f33305004495a9","hash":"dd7dbf7d0c2b06a612e150ad7395a190e45be1a1","contentHash":"d467996651a0e8864475219ed5b19edd8e9d7102307d77b52747f5632dae6e81"},"C:\\Users\\abssa\\Desktop\\Staging\\fraud-detection-master (1)\\fraud-detection-master\\micro-services\\dependency-injector\\server\\repositories\\transactionRepository.js":{"path":"C:\\Users\\abssa\\Desktop\\Staging\\fraud-detection-master (1)\\fraud-detection-master\\micro-services\\dependency-injector\\server\\repositories\\transactionRepository.js","statementMap":{"0":{"start":{"line":1,"column":25},"end":{"line":1,"column":63}},"1":{"start":{"line":2,"column":18},"end":{"line":2,"column":48}},"2":{"start":{"line":6,"column":8},"end":{"line":6,"column":62}},"3":{"start":{"line":10,"column":8},"end":{"line":10,"column":57}},"4":{"start":{"line":14,"column":8},"end":{"line":14,"column":65}},"5":{"start":{"line":18,"column":8},"end":{"line":18,"column":83}},"6":{"start":{"line":22,"column":8},"end":{"line":22,"column":101}},"7":{"start":{"line":26,"column":8},"end":{"line":26,"column":50}},"8":{"start":{"line":30,"column":8},"end":{"line":30,"column":92}},"9":{"start":{"line":34,"column":8},"end":{"line":34,"column":96}},"10":{"start":{"line":38,"column":0},"end":{"line":38,"column":45}}},"fnMap":{"0":{"name":"(anonymous_0)","decl":{"start":{"line":5,"column":4},"end":{"line":5,"column":5}},"loc":{"start":{"line":5,"column":45},"end":{"line":7,"column":5}},"line":5},"1":{"name":"(anonymous_1)","decl":{"start":{"line":9,"column":4},"end":{"line":9,"column":5}},"loc":{"start":{"line":9,"column":33},"end":{"line":11,"column":5}},"line":9},"2":{"name":"(anonymous_2)","decl":{"start":{"line":13,"column":4},"end":{"line":13,"column":5}},"loc":{"start":{"line":13,"column":45},"end":{"line":15,"column":5}},"line":13},"3":{"name":"(anonymous_3)","decl":{"start":{"line":17,"column":4},"end":{"line":17,"column":5}},"loc":{"start":{"line":17,"column":51},"end":{"line":19,"column":5}},"line":17},"4":{"name":"(anonymous_4)","decl":{"start":{"line":21,"column":4},"end":{"line":21,"column":5}},"loc":{"start":{"line":21,"column":57},"end":{"line":23,"column":5}},"line":21},"5":{"name":"(anonymous_5)","decl":{"start":{"line":25,"column":4},"end":{"line":25,"column":5}},"loc":{"start":{"line":25,"column":32},"end":{"line":27,"column":5}},"line":25},"6":{"name":"(anonymous_6)","decl":{"start":{"line":29,"column":4},"end":{"line":29,"column":5}},"loc":{"start":{"line":29,"column":54},"end":{"line":31,"column":5}},"line":29},"7":{"name":"(anonymous_7)","decl":{"start":{"line":33,"column":4},"end":{"line":33,"column":5}},"loc":{"start":{"line":33,"column":40},"end":{"line":35,"column":5}},"line":33}},"branchMap":{},"s":{"0":1,"1":1,"2":1,"3":2,"4":2,"5":2,"6":2,"7":2,"8":2,"9":2,"10":1},"f":{"0":1,"1":2,"2":2,"3":2,"4":2,"5":2,"6":2,"7":2},"b":{},"_coverageSchema":"1a1c01bbd47fc00a2c39e90264f33305004495a9","hash":"5deb8498d013a9efe3833f68a29bea9aa73510f8","contentHash":"c1dd8be0a84a9399448d4386850e3a9d4717615bf2537f6d286a9d2cc2f9f921"},"C:\\Users\\abssa\\Desktop\\Staging\\fraud-detection-master (1)\\fraud-detection-master\\micro-services\\dependency-injector\\server\\models\\tranasactionModel.js":{"path":"C:\\Users\\abssa\\Desktop\\Staging\\fraud-detection-master (1)\\fraud-detection-master\\micro-services\\dependency-injector\\server\\models\\tranasactionModel.js","statementMap":{"0":{"start":{"line":1,"column":17},"end":{"line":1,"column":36}},"1":{"start":{"line":3,"column":26},"end":{"line":13,"column":24}},"2":{"start":{"line":15,"column":0},"end":{"line":15,"column":66}}},"fnMap":{},"branchMap":{},"s":{"0":1,"1":1,"2":1},"f":{},"b":{},"_coverageSchema":"1a1c01bbd47fc00a2c39e90264f33305004495a9","hash":"a83a49a0559666f0ba2315a8075d47822409de7d","contentHash":"5947b6f34cc396883dcf0cfcde75d7ea97803fdb391f78405b13743f0bf3c0bb"},"C:\\Users\\abssa\\Desktop\\Staging\\fraud-detection-master (1)\\fraud-detection-master\\micro-services\\dependency-injector\\server\\repositories\\adminRepository.js":{"path":"C:\\Users\\abssa\\Desktop\\Staging\\fraud-detection-master (1)\\fraud-detection-master\\micro-services\\dependency-injector\\server\\repositories\\adminRepository.js","statementMap":{"0":{"start":{"line":1,"column":19},"end":{"line":1,"column":50}},"1":{"start":{"line":2,"column":22},"end":{"line":2,"column":55}},"2":{"start":{"line":3,"column":18},"end":{"line":3,"column":48}},"3":{"start":{"line":4,"column":27},"end":{"line":4,"column":72}},"4":{"start":{"line":5,"column":17},"end":{"line":5,"column":46}},"5":{"start":{"line":9,"column":8},"end":{"line":9,"column":49}},"6":{"start":{"line":13,"column":8},"end":{"line":13,"column":56}},"7":{"start":{"line":18,"column":8},"end":{"line":18,"column":50}},"8":{"start":{"line":23,"column":8},"end":{"line":23,"column":89}},"9":{"start":{"line":27,"column":8},"end":{"line":27,"column":52}},"10":{"start":{"line":31,"column":8},"end":{"line":31,"column":70}},"11":{"start":{"line":35,"column":8},"end":{"line":35,"column":52}},"12":{"start":{"line":39,"column":8},"end":{"line":39,"column":78}},"13":{"start":{"line":43,"column":8},"end":{"line":43,"column":46}},"14":{"start":{"line":47,"column":8},"end":{"line":47,"column":37}},"15":{"start":{"line":51,"column":25},"end":{"line":51,"column":75}},"16":{"start":{"line":52,"column":8},"end":{"line":52,"column":60}},"17":{"start":{"line":52,"column":23},"end":{"line":52,"column":60}},"18":{"start":{"line":53,"column":8},"end":{"line":53,"column":120}},"19":{"start":{"line":53,"column":76},"end":{"line":53,"column":120}},"20":{"start":{"line":54,"column":8},"end":{"line":54,"column":87}},"21":{"start":{"line":58,"column":8},"end":{"line":71,"column":11}},"22":{"start":{"line":75,"column":0},"end":{"line":75,"column":39}}},"fnMap":{"0":{"name":"(anonymous_0)","decl":{"start":{"line":8,"column":4},"end":{"line":8,"column":5}},"loc":{"start":{"line":8,"column":33},"end":{"line":10,"column":5}},"line":8},"1":{"name":"(anonymous_1)","decl":{"start":{"line":12,"column":4},"end":{"line":12,"column":5}},"loc":{"start":{"line":12,"column":26},"end":{"line":14,"column":5}},"line":12},"2":{"name":"(anonymous_2)","decl":{"start":{"line":17,"column":4},"end":{"line":17,"column":5}},"loc":{"start":{"line":17,"column":34},"end":{"line":19,"column":5}},"line":17},"3":{"name":"(anonymous_3)","decl":{"start":{"line":22,"column":4},"end":{"line":22,"column":5}},"loc":{"start":{"line":22,"column":47},"end":{"line":24,"column":5}},"line":22},"4":{"name":"(anonymous_4)","decl":{"start":{"line":26,"column":4},"end":{"line":26,"column":5}},"loc":{"start":{"line":26,"column":32},"end":{"line":28,"column":5}},"line":26},"5":{"name":"(anonymous_5)","decl":{"start":{"line":30,"column":4},"end":{"line":30,"column":5}},"loc":{"start":{"line":30,"column":58},"end":{"line":32,"column":5}},"line":30},"6":{"name":"(anonymous_6)","decl":{"start":{"line":34,"column":4},"end":{"line":34,"column":5}},"loc":{"start":{"line":34,"column":40},"end":{"line":36,"column":5}},"line":34},"7":{"name":"(anonymous_7)","decl":{"start":{"line":38,"column":4},"end":{"line":38,"column":5}},"loc":{"start":{"line":38,"column":42},"end":{"line":40,"column":5}},"line":38},"8":{"name":"(anonymous_8)","decl":{"start":{"line":42,"column":4},"end":{"line":42,"column":5}},"loc":{"start":{"line":42,"column":39},"end":{"line":44,"column":5}},"line":42},"9":{"name":"(anonymous_9)","decl":{"start":{"line":46,"column":4},"end":{"line":46,"column":5}},"loc":{"start":{"line":46,"column":32},"end":{"line":48,"column":5}},"line":46},"10":{"name":"(anonymous_10)","decl":{"start":{"line":50,"column":4},"end":{"line":50,"column":5}},"loc":{"start":{"line":50,"column":67},"end":{"line":55,"column":5}},"line":50},"11":{"name":"(anonymous_11)","decl":{"start":{"line":57,"column":4},"end":{"line":57,"column":5}},"loc":{"start":{"line":57,"column":50},"end":{"line":72,"column":5}},"line":57}},"branchMap":{"0":{"loc":{"start":{"line":52,"column":8},"end":{"line":52,"column":60}},"type":"if","locations":[{"start":{"line":52,"column":8},"end":{"line":52,"column":60}},{"start":{},"end":{}}],"line":52},"1":{"loc":{"start":{"line":53,"column":8},"end":{"line":53,"column":120}},"type":"if","locations":[{"start":{"line":53,"column":8},"end":{"line":53,"column":120}},{"start":{},"end":{}}],"line":53},"2":{"loc":{"start":{"line":53,"column":12},"end":{"line":53,"column":74}},"type":"binary-expr","locations":[{"start":{"line":53,"column":12},"end":{"line":53,"column":42}},{"start":{"line":53,"column":46},"end":{"line":53,"column":74}}],"line":53}},"s":{"0":1,"1":1,"2":1,"3":1,"4":1,"5":1,"6":1,"7":2,"8":1,"9":1,"10":0,"11":1,"12":1,"13":1,"14":1,"15":3,"16":3,"17":1,"18":2,"19":1,"20":1,"21":1,"22":1},"f":{"0":1,"1":1,"2":2,"3":1,"4":1,"5":0,"6":1,"7":1,"8":1,"9":1,"10":3,"11":1},"b":{"0":[1,2],"1":[1,1],"2":[2,1]},"_coverageSchema":"1a1c01bbd47fc00a2c39e90264f33305004495a9","hash":"5e6b1673dd3e1742d65ee71a286b04902e0b1fd1","contentHash":"fc8b797898ae3723b0f5649c5686cdd55063dce6a4bf534b8a72cd5e75ba8ee1"},"C:\\Users\\abssa\\Desktop\\Staging\\fraud-detection-master (1)\\fraud-detection-master\\micro-services\\dependency-injector\\server\\models\\adminModel.js":{"path":"C:\\Users\\abssa\\Desktop\\Staging\\fraud-detection-master (1)\\fraud-detection-master\\micro-services\\dependency-injector\\server\\models\\adminModel.js","statementMap":{"0":{"start":{"line":2,"column":17},"end":{"line":2,"column":36}},"1":{"start":{"line":4,"column":20},"end":{"line":39,"column":2}},"2":{"start":{"line":41,"column":19},"end":{"line":41,"column":55}},"3":{"start":{"line":42,"column":0},"end":{"line":42,"column":28}}},"fnMap":{},"branchMap":{},"s":{"0":1,"1":1,"2":1,"3":1},"f":{},"b":{},"_coverageSchema":"1a1c01bbd47fc00a2c39e90264f33305004495a9","hash":"e1a1f368c71e819b12fabeb46d8776ffa147f25b","contentHash":"2742add73bc4302e0c30545fc6ddb91c13c066b508ff74e319d826a2d14e6377"},"C:\\Users\\abssa\\Desktop\\Staging\\fraud-detection-master (1)\\fraud-detection-master\\micro-services\\dependency-injector\\server\\models\\disputeModel.js":{"path":"C:\\Users\\abssa\\Desktop\\Staging\\fraud-detection-master (1)\\fraud-detection-master\\micro-services\\dependency-injector\\server\\models\\disputeModel.js","statementMap":{"0":{"start":{"line":1,"column":17},"end":{"line":1,"column":36}},"1":{"start":{"line":4,"column":22},"end":{"line":76,"column":1}},"2":{"start":{"line":78,"column":24},"end":{"line":78,"column":65}},"3":{"start":{"line":79,"column":2},"end":{"line":79,"column":33}}},"fnMap":{},"branchMap":{},"s":{"0":1,"1":1,"2":1,"3":1},"f":{},"b":{},"_coverageSchema":"1a1c01bbd47fc00a2c39e90264f33305004495a9","hash":"25b9dce38ee7319193e880c305fa15a784296ca5","contentHash":"123080997d11e1840e157d46df92da2e4f983a3f8ee8d3933ccfa94332f31f5a"},"C:\\Users\\abssa\\Desktop\\Staging\\fraud-detection-master (1)\\fraud-detection-master\\micro-services\\dependency-injector\\server\\repositories\\disputesRepository.js":{"path":"C:\\Users\\abssa\\Desktop\\Staging\\fraud-detection-master (1)\\fraud-detection-master\\micro-services\\dependency-injector\\server\\repositories\\disputesRepository.js","statementMap":{"0":{"start":{"line":1,"column":22},"end":{"line":1,"column":55}},"1":{"start":{"line":2,"column":18},"end":{"line":2,"column":48}},"2":{"start":{"line":3,"column":25},"end":{"line":3,"column":63}},"3":{"start":{"line":4,"column":15},"end":{"line":4,"column":32}},"4":{"start":{"line":8,"column":8},"end":{"line":8,"column":55}},"5":{"start":{"line":12,"column":8},"end":{"line":12,"column":62}},"6":{"start":{"line":16,"column":8},"end":{"line":16,"column":65}},"7":{"start":{"line":20,"column":8},"end":{"line":20,"column":60}},"8":{"start":{"line":24,"column":8},"end":{"line":24,"column":58}},"9":{"start":{"line":28,"column":8},"end":{"line":28,"column":66}},"10":{"start":{"line":32,"column":8},"end":{"line":32,"column":75}},"11":{"start":{"line":36,"column":8},"end":{"line":36,"column":48}},"12":{"start":{"line":40,"column":8},"end":{"line":40,"column":56}},"13":{"start":{"line":44,"column":8},"end":{"line":44,"column":60}},"14":{"start":{"line":48,"column":8},"end":{"line":50,"column":63}},"15":{"start":{"line":49,"column":12},"end":{"line":49,"column":61}},"16":{"start":{"line":51,"column":8},"end":{"line":51,"column":28}},"17":{"start":{"line":54,"column":8},"end":{"line":58,"column":9}},"18":{"start":{"line":62,"column":8},"end":{"line":62,"column":37}},"19":{"start":{"line":66,"column":0},"end":{"line":66,"column":42}}},"fnMap":{"0":{"name":"(anonymous_0)","decl":{"start":{"line":7,"column":4},"end":{"line":7,"column":5}},"loc":{"start":{"line":7,"column":37},"end":{"line":9,"column":5}},"line":7},"1":{"name":"(anonymous_1)","decl":{"start":{"line":11,"column":4},"end":{"line":11,"column":5}},"loc":{"start":{"line":11,"column":52},"end":{"line":13,"column":5}},"line":11},"2":{"name":"(anonymous_2)","decl":{"start":{"line":15,"column":4},"end":{"line":15,"column":5}},"loc":{"start":{"line":15,"column":45},"end":{"line":17,"column":5}},"line":15},"3":{"name":"(anonymous_3)","decl":{"start":{"line":19,"column":4},"end":{"line":19,"column":5}},"loc":{"start":{"line":19,"column":47},"end":{"line":21,"column":5}},"line":19},"4":{"name":"(anonymous_4)","decl":{"start":{"line":23,"column":4},"end":{"line":23,"column":5}},"loc":{"start":{"line":23,"column":22},"end":{"line":25,"column":7}},"line":23},"5":{"name":"(anonymous_5)","decl":{"start":{"line":27,"column":4},"end":{"line":27,"column":5}},"loc":{"start":{"line":27,"column":27},"end":{"line":29,"column":5}},"line":27},"6":{"name":"(anonymous_6)","decl":{"start":{"line":31,"column":4},"end":{"line":31,"column":5}},"loc":{"start":{"line":31,"column":33},"end":{"line":33,"column":5}},"line":31},"7":{"name":"(anonymous_7)","decl":{"start":{"line":35,"column":4},"end":{"line":35,"column":5}},"loc":{"start":{"line":35,"column":29},"end":{"line":37,"column":5}},"line":35},"8":{"name":"(anonymous_8)","decl":{"start":{"line":39,"column":4},"end":{"line":39,"column":5}},"loc":{"start":{"line":39,"column":45},"end":{"line":41,"column":5}},"line":39},"9":{"name":"(anonymous_9)","decl":{"start":{"line":43,"column":4},"end":{"line":43,"column":5}},"loc":{"start":{"line":43,"column":49},"end":{"line":45,"column":5}},"line":43},"10":{"name":"(anonymous_10)","decl":{"start":{"line":46,"column":4},"end":{"line":46,"column":5}},"loc":{"start":{"line":46,"column":39},"end":{"line":52,"column":5}},"line":46},"11":{"name":"(anonymous_11)","decl":{"start":{"line":53,"column":4},"end":{"line":53,"column":5}},"loc":{"start":{"line":53,"column":57},"end":{"line":59,"column":5}},"line":53},"12":{"name":"(anonymous_12)","decl":{"start":{"line":61,"column":4},"end":{"line":61,"column":5}},"loc":{"start":{"line":61,"column":31},"end":{"line":63,"column":5}},"line":61}},"branchMap":{},"s":{"0":1,"1":1,"2":1,"3":1,"4":1,"5":2,"6":2,"7":2,"8":2,"9":1,"10":1,"11":1,"12":0,"13":0,"14":1,"15":1,"16":1,"17":1,"18":0,"19":1},"f":{"0":1,"1":2,"2":2,"3":2,"4":2,"5":1,"6":1,"7":1,"8":0,"9":0,"10":1,"11":1,"12":0},"b":{},"_coverageSchema":"1a1c01bbd47fc00a2c39e90264f33305004495a9","hash":"c0ae5453afed81bb2221761cf65550fbcc62e5e0","contentHash":"ceb638f68adccbdd2b4ff871afe3c4511d437446344d6043445a8dcdac570cb3"},"C:\\Users\\abssa\\Desktop\\Staging\\fraud-detection-master (1)\\fraud-detection-master\\micro-services\\dependency-injector\\server\\models\\apiModel.js":{"path":"C:\\Users\\abssa\\Desktop\\Staging\\fraud-detection-master (1)\\fraud-detection-master\\micro-services\\dependency-injector\\server\\models\\apiModel.js","statementMap":{"0":{"start":{"line":1,"column":17},"end":{"line":1,"column":36}},"1":{"start":{"line":3,"column":18},"end":{"line":21,"column":2}},"2":{"start":{"line":23,"column":17},"end":{"line":23,"column":49}},"3":{"start":{"line":24,"column":0},"end":{"line":24,"column":25}}},"fnMap":{},"branchMap":{},"s":{"0":1,"1":1,"2":1,"3":1},"f":{},"b":{},"_coverageSchema":"1a1c01bbd47fc00a2c39e90264f33305004495a9","hash":"f80be00a1a681cb3a92ac767dc1f572d8abd8fb9","contentHash":"0475b52896ac34ddbe2764884a1a45e8b09238efb3850d6b271afcceb0efc9a9"},"C:\\Users\\abssa\\Desktop\\Staging\\fraud-detection-master (1)\\fraud-detection-master\\micro-services\\dependency-injector\\server\\utils\\sendMail.js":{"path":"C:\\Users\\abssa\\Desktop\\Staging\\fraud-detection-master (1)\\fraud-detection-master\\micro-services\\dependency-injector\\server\\utils\\sendMail.js","statementMap":{"0":{"start":{"line":1,"column":13},"end":{"line":1,"column":39}},"1":{"start":{"line":4,"column":0},"end":{"line":18,"column":3}},"2":{"start":{"line":5,"column":4},"end":{"line":17,"column":7}}},"fnMap":{"0":{"name":"(anonymous_0)","decl":{"start":{"line":4,"column":19},"end":{"line":4,"column":20}},"loc":{"start":{"line":4,"column":101},"end":{"line":18,"column":3}},"line":4}},"branchMap":{},"s":{"0":1,"1":1,"2":3},"f":{"0":3},"b":{},"_coverageSchema":"1a1c01bbd47fc00a2c39e90264f33305004495a9","hash":"8438213f36de838041e8a1da95b1ffed27a2fab1","contentHash":"504efeffd24369dba4eb2d5d0526fd6b62397c35d3116e43e0081756711d6723"},"C:\\Users\\abssa\\Desktop\\Staging\\fraud-detection-master (1)\\fraud-detection-master\\micro-services\\dependency-injector\\server\\utils\\email_checker.js":{"path":"C:\\Users\\abssa\\Desktop\\Staging\\fraud-detection-master (1)\\fraud-detection-master\\micro-services\\dependency-injector\\server\\utils\\email_checker.js","statementMap":{"0":{"start":{"line":2,"column":19},"end":{"line":2,"column":40}},"1":{"start":{"line":3,"column":0},"end":{"line":3,"column":27}},"2":{"start":{"line":5,"column":18},"end":{"line":11,"column":2}},"3":{"start":{"line":14,"column":2},"end":{"line":21,"column":4}},"4":{"start":{"line":15,"column":4},"end":{"line":20,"column":5}},"5":{"start":{"line":17,"column":6},"end":{"line":17,"column":33}},"6":{"start":{"line":19,"column":6},"end":{"line":19,"column":50}},"7":{"start":{"line":23,"column":28},"end":{"line":72,"column":1}},"8":{"start":{"line":24,"column":2},"end":{"line":71,"column":4}},"9":{"start":{"line":75,"column":0},"end":{"line":75,"column":49}}},"fnMap":{"0":{"name":"sendMail","decl":{"start":{"line":13,"column":9},"end":{"line":13,"column":17}},"loc":{"start":{"line":13,"column":32},"end":{"line":21,"column":5}},"line":13},"1":{"name":"(anonymous_1)","decl":{"start":{"line":14,"column":37},"end":{"line":14,"column":38}},"loc":{"start":{"line":14,"column":58},"end":{"line":21,"column":3}},"line":14},"2":{"name":"(anonymous_2)","decl":{"start":{"line":23,"column":28},"end":{"line":23,"column":29}},"loc":{"start":{"line":23,"column":126},"end":{"line":72,"column":1}},"line":23}},"branchMap":{"0":{"loc":{"start":{"line":15,"column":4},"end":{"line":20,"column":5}},"type":"if","locations":[{"start":{"line":15,"column":4},"end":{"line":20,"column":5}},{"start":{"line":18,"column":11},"end":{"line":20,"column":5}}],"line":15},"1":{"loc":{"start":{"line":55,"column":58},"end":{"line":55,"column":78}},"type":"binary-expr","locations":[{"start":{"line":55,"column":58},"end":{"line":55,"column":64}},{"start":{"line":55,"column":68},"end":{"line":55,"column":78}}],"line":55},"2":{"loc":{"start":{"line":56,"column":52},"end":{"line":56,"column":73}},"type":"binary-expr","locations":[{"start":{"line":56,"column":52},"end":{"line":56,"column":64}},{"start":{"line":56,"column":68},"end":{"line":56,"column":73}}],"line":56}},"s":{"0":1,"1":1,"2":1,"3":3,"4":0,"5":0,"6":0,"7":1,"8":3,"9":1},"f":{"0":3,"1":0,"2":3},"b":{"0":[0,0],"1":[3,0],"2":[3,1]},"_coverageSchema":"1a1c01bbd47fc00a2c39e90264f33305004495a9","hash":"322f009649fefb9a4a53a350a23742647f603702","contentHash":"10c1e0eb3b0a7ce82cd0c41153005a1916eb3afdf936ac2bb5ffa068a4d56577"},"C:\\Users\\abssa\\Desktop\\Staging\\fraud-detection-master (1)\\fraud-detection-master\\micro-services\\dependency-injector\\server\\middlewares\\authMiddleware.js":{"path":"C:\\Users\\abssa\\Desktop\\Staging\\fraud-detection-master (1)\\fraud-detection-master\\micro-services\\dependency-injector\\server\\middlewares\\authMiddleware.js","statementMap":{"0":{"start":{"line":1,"column":12},"end":{"line":1,"column":35}},"1":{"start":{"line":2,"column":0},"end":{"line":2,"column":27}},"2":{"start":{"line":5,"column":27},"end":{"line":26,"column":1}},"3":{"start":{"line":6,"column":2},"end":{"line":25,"column":3}},"4":{"start":{"line":7,"column":23},"end":{"line":7,"column":48}},"5":{"start":{"line":9,"column":4},"end":{"line":11,"column":5}},"6":{"start":{"line":10,"column":6},"end":{"line":10,"column":88}},"7":{"start":{"line":14,"column":18},"end":{"line":14,"column":42}},"8":{"start":{"line":17,"column":20},"end":{"line":17,"column":67}},"9":{"start":{"line":19,"column":4},"end":{"line":19,"column":25}},"10":{"start":{"line":20,"column":4},"end":{"line":20,"column":11}},"11":{"start":{"line":24,"column":4},"end":{"line":24,"column":71}},"12":{"start":{"line":29,"column":0},"end":{"line":29,"column":39}}},"fnMap":{"0":{"name":"(anonymous_0)","decl":{"start":{"line":5,"column":27},"end":{"line":5,"column":28}},"loc":{"start":{"line":5,"column":53},"end":{"line":26,"column":1}},"line":5}},"branchMap":{"0":{"loc":{"start":{"line":9,"column":4},"end":{"line":11,"column":5}},"type":"if","locations":[{"start":{"line":9,"column":4},"end":{"line":11,"column":5}},{"start":{},"end":{}}],"line":9},"1":{"loc":{"start":{"line":9,"column":8},"end":{"line":9,"column":56}},"type":"binary-expr","locations":[{"start":{"line":9,"column":8},"end":{"line":9,"column":19}},{"start":{"line":9,"column":23},"end":{"line":9,"column":56}}],"line":9}},"s":{"0":1,"1":1,"2":1,"3":4,"4":4,"5":4,"6":2,"7":2,"8":2,"9":1,"10":1,"11":1,"12":1},"f":{"0":4},"b":{"0":[2,2],"1":[4,3]},"_coverageSchema":"1a1c01bbd47fc00a2c39e90264f33305004495a9","hash":"3d500de0f4ef4a7a6795033eb6222ec7c5b28431","contentHash":"ec15e4d11f2cc3f62263aec935e1ee8b5f7d39cb79ce9f6853b511063430e972"},"C:\\Users\\abssa\\Desktop\\Staging\\fraud-detection-master (1)\\fraud-detection-master\\micro-services\\dependency-injector\\server\\middlewares\\authUsers.js":{"path":"C:\\Users\\abssa\\Desktop\\Staging\\fraud-detection-master (1)\\fraud-detection-master\\micro-services\\dependency-injector\\server\\middlewares\\authUsers.js","statementMap":{"0":{"start":{"line":1,"column":12},"end":{"line":1,"column":35}},"1":{"start":{"line":2,"column":0},"end":{"line":2,"column":27}},"2":{"start":{"line":7,"column":16},"end":{"line":21,"column":1}},"3":{"start":{"line":8,"column":4},"end":{"line":20,"column":5}},"4":{"start":{"line":9,"column":22},"end":{"line":9,"column":64}},"5":{"start":{"line":11,"column":8},"end":{"line":13,"column":9}},"6":{"start":{"line":12,"column":12},"end":{"line":12,"column":81}},"7":{"start":{"line":15,"column":24},"end":{"line":15,"column":65}},"8":{"start":{"line":16,"column":8},"end":{"line":16,"column":27}},"9":{"start":{"line":17,"column":8},"end":{"line":17,"column":15}},"10":{"start":{"line":19,"column":8},"end":{"line":19,"column":70}},"11":{"start":{"line":26,"column":18},"end":{"line":33,"column":1}},"12":{"start":{"line":27,"column":4},"end":{"line":32,"column":6}},"13":{"start":{"line":28,"column":8},"end":{"line":30,"column":9}},"14":{"start":{"line":29,"column":12},"end":{"line":29,"column":96}},"15":{"start":{"line":31,"column":8},"end":{"line":31,"column":15}},"16":{"start":{"line":35,"column":0},"end":{"line":35,"column":40}}},"fnMap":{"0":{"name":"(anonymous_0)","decl":{"start":{"line":7,"column":16},"end":{"line":7,"column":17}},"loc":{"start":{"line":7,"column":42},"end":{"line":21,"column":1}},"line":7},"1":{"name":"(anonymous_1)","decl":{"start":{"line":26,"column":18},"end":{"line":26,"column":19}},"loc":{"start":{"line":26,"column":32},"end":{"line":33,"column":1}},"line":26},"2":{"name":"(anonymous_2)","decl":{"start":{"line":27,"column":11},"end":{"line":27,"column":12}},"loc":{"start":{"line":27,"column":31},"end":{"line":32,"column":5}},"line":27}},"branchMap":{"0":{"loc":{"start":{"line":11,"column":8},"end":{"line":13,"column":9}},"type":"if","locations":[{"start":{"line":11,"column":8},"end":{"line":13,"column":9}},{"start":{},"end":{}}],"line":11},"1":{"loc":{"start":{"line":28,"column":8},"end":{"line":30,"column":9}},"type":"if","locations":[{"start":{"line":28,"column":8},"end":{"line":30,"column":9}},{"start":{},"end":{}}],"line":28}},"s":{"0":1,"1":1,"2":1,"3":4,"4":4,"5":0,"6":0,"7":0,"8":0,"9":0,"10":4,"11":1,"12":2,"13":2,"14":1,"15":1,"16":1},"f":{"0":4,"1":2,"2":2},"b":{"0":[0,0],"1":[1,1]},"_coverageSchema":"1a1c01bbd47fc00a2c39e90264f33305004495a9","hash":"78c15814d5868cf12baaf6c0da6bfc38a54e6aa1","contentHash":"7ae7ea743b4868d513a823570d6ebb6f69ab02eb5d021e305bbca78f67c47523"},"C:\\Users\\abssa\\Desktop\\Staging\\fraud-detection-master (1)\\fraud-detection-master\\micro-services\\dependency-injector\\server\\controllers\\chatbotController.js":{"path":"C:\\Users\\abssa\\Desktop\\Staging\\fraud-detection-master (1)\\fraud-detection-master\\micro-services\\dependency-injector\\server\\controllers\\chatbotController.js","statementMap":{"0":{"start":{"line":2,"column":23},"end":{"line":2,"column":61}},"1":{"start":{"line":6,"column":4},"end":{"line":27,"column":5}},"2":{"start":{"line":7,"column":26},"end":{"line":7,"column":34}},"3":{"start":{"line":10,"column":21},"end":{"line":10,"column":37}},"4":{"start":{"line":11,"column":6},"end":{"line":16,"column":7}},"5":{"start":{"line":12,"column":8},"end":{"line":15,"column":11}},"6":{"start":{"line":18,"column":23},"end":{"line":18,"column":75}},"7":{"start":{"line":19,"column":6},"end":{"line":19,"column":37}},"8":{"start":{"line":21,"column":6},"end":{"line":21,"column":45}},"9":{"start":{"line":22,"column":6},"end":{"line":26,"column":9}},"10":{"start":{"line":31,"column":4},"end":{"line":49,"column":5}},"11":{"start":{"line":32,"column":21},"end":{"line":32,"column":37}},"12":{"start":{"line":33,"column":6},"end":{"line":38,"column":7}},"13":{"start":{"line":34,"column":8},"end":{"line":37,"column":11}},"14":{"start":{"line":40,"column":23},"end":{"line":40,"column":76}},"15":{"start":{"line":41,"column":6},"end":{"line":41,"column":37}},"16":{"start":{"line":43,"column":6},"end":{"line":43,"column":51}},"17":{"start":{"line":44,"column":6},"end":{"line":48,"column":9}},"18":{"start":{"line":53,"column":4},"end":{"line":78,"column":5}},"19":{"start":{"line":54,"column":21},"end":{"line":54,"column":37}},"20":{"start":{"line":55,"column":6},"end":{"line":60,"column":7}},"21":{"start":{"line":56,"column":8},"end":{"line":59,"column":11}},"22":{"start":{"line":62,"column":36},"end":{"line":62,"column":86}},"23":{"start":{"line":63,"column":23},"end":{"line":65,"column":10}},"24":{"start":{"line":67,"column":6},"end":{"line":70,"column":9}},"25":{"start":{"line":72,"column":6},"end":{"line":72,"column":52}},"26":{"start":{"line":73,"column":6},"end":{"line":77,"column":9}},"27":{"start":{"line":82,"column":0},"end":{"line":82,"column":41}}},"fnMap":{"0":{"name":"(anonymous_0)","decl":{"start":{"line":5,"column":2},"end":{"line":5,"column":3}},"loc":{"start":{"line":5,"column":33},"end":{"line":28,"column":3}},"line":5},"1":{"name":"(anonymous_1)","decl":{"start":{"line":30,"column":2},"end":{"line":30,"column":3}},"loc":{"start":{"line":30,"column":36},"end":{"line":50,"column":3}},"line":30},"2":{"name":"(anonymous_2)","decl":{"start":{"line":52,"column":2},"end":{"line":52,"column":3}},"loc":{"start":{"line":52,"column":40},"end":{"line":79,"column":3}},"line":52}},"branchMap":{"0":{"loc":{"start":{"line":11,"column":6},"end":{"line":16,"column":7}},"type":"if","locations":[{"start":{"line":11,"column":6},"end":{"line":16,"column":7}},{"start":{},"end":{}}],"line":11},"1":{"loc":{"start":{"line":33,"column":6},"end":{"line":38,"column":7}},"type":"if","locations":[{"start":{"line":33,"column":6},"end":{"line":38,"column":7}},{"start":{},"end":{}}],"line":33},"2":{"loc":{"start":{"line":55,"column":6},"end":{"line":60,"column":7}},"type":"if","locations":[{"start":{"line":55,"column":6},"end":{"line":60,"column":7}},{"start":{},"end":{}}],"line":55},"3":{"loc":{"start":{"line":63,"column":23},"end":{"line":65,"column":10}},"type":"cond-expr","locations":[{"start":{"line":64,"column":8},"end":{"line":64,"column":60}},{"start":{"line":65,"column":8},"end":{"line":65,"column":10}}],"line":63}},"s":{"0":1,"1":3,"2":3,"3":3,"4":3,"5":1,"6":2,"7":1,"8":1,"9":1,"10":3,"11":3,"12":3,"13":1,"14":2,"15":1,"16":1,"17":1,"18":3,"19":3,"20":3,"21":1,"22":2,"23":1,"24":1,"25":1,"26":1,"27":1},"f":{"0":3,"1":3,"2":3},"b":{"0":[1,2],"1":[1,2],"2":[1,2],"3":[1,0]},"_coverageSchema":"1a1c01bbd47fc00a2c39e90264f33305004495a9","hash":"fecb7360fe57e42e546142408141be2f654fd320","contentHash":"898a5ebd940218137beb4194ffe972e289f2b47c9594c38285851c0c600ce61c"},"C:\\Users\\abssa\\Desktop\\Staging\\fraud-detection-master (1)\\fraud-detection-master\\micro-services\\dependency-injector\\server\\services\\chatbotServices.js":{"path":"C:\\Users\\abssa\\Desktop\\Staging\\fraud-detection-master (1)\\fraud-detection-master\\micro-services\\dependency-injector\\server\\services\\chatbotServices.js","statementMap":{"0":{"start":{"line":2,"column":24},"end":{"line":2,"column":62}},"1":{"start":{"line":3,"column":23},"end":{"line":3,"column":64}},"2":{"start":{"line":7,"column":4},"end":{"line":7,"column":28}},"3":{"start":{"line":8,"column":4},"end":{"line":38,"column":6}},"4":{"start":{"line":10,"column":19},"end":{"line":10,"column":53}},"5":{"start":{"line":11,"column":8},"end":{"line":13,"column":83}},"6":{"start":{"line":16,"column":24},"end":{"line":16,"column":48}},"7":{"start":{"line":17,"column":8},"end":{"line":19,"column":86}},"8":{"start":{"line":22,"column":23},"end":{"line":22,"column":63}},"9":{"start":{"line":23,"column":8},"end":{"line":25,"column":75}},"10":{"start":{"line":28,"column":8},"end":{"line":30,"column":67}},"11":{"start":{"line":33,"column":27},"end":{"line":33,"column":53}},"12":{"start":{"line":34,"column":8},"end":{"line":36,"column":75}},"13":{"start":{"line":43,"column":4},"end":{"line":50,"column":5}},"14":{"start":{"line":44,"column":30},"end":{"line":44,"column":73}},"15":{"start":{"line":46,"column":6},"end":{"line":48,"column":8}},"16":{"start":{"line":49,"column":6},"end":{"line":49,"column":29}},"17":{"start":{"line":53,"column":4},"end":{"line":55,"column":5}},"18":{"start":{"line":54,"column":6},"end":{"line":54,"column":53}},"19":{"start":{"line":58,"column":4},"end":{"line":60,"column":6}},"20":{"start":{"line":63,"column":21},"end":{"line":63,"column":67}},"21":{"start":{"line":66,"column":4},"end":{"line":73,"column":6}},"22":{"start":{"line":75,"column":4},"end":{"line":75,"column":20}},"23":{"start":{"line":79,"column":4},"end":{"line":98,"column":5}},"24":{"start":{"line":80,"column":19},"end":{"line":80,"column":60}},"25":{"start":{"line":81,"column":6},"end":{"line":83,"column":7}},"26":{"start":{"line":82,"column":8},"end":{"line":82,"column":67}},"27":{"start":{"line":85,"column":6},"end":{"line":90,"column":8}},"28":{"start":{"line":92,"column":6},"end":{"line":94,"column":8}},"29":{"start":{"line":96,"column":6},"end":{"line":96,"column":59}},"30":{"start":{"line":97,"column":6},"end":{"line":97,"column":71}},"31":{"start":{"line":102,"column":25},"end":{"line":102,"column":51}},"32":{"start":{"line":103,"column":4},"end":{"line":105,"column":5}},"33":{"start":{"line":104,"column":6},"end":{"line":104,"column":51}},"34":{"start":{"line":107,"column":17},"end":{"line":107,"column":41}},"35":{"start":{"line":109,"column":21},"end":{"line":119,"column":5}},"36":{"start":{"line":110,"column":21},"end":{"line":110,"column":58}},"37":{"start":{"line":111,"column":30},"end":{"line":111,"column":76}},"38":{"start":{"line":112,"column":29},"end":{"line":112,"column":74}},"39":{"start":{"line":113,"column":29},"end":{"line":113,"column":74}},"40":{"start":{"line":114,"column":27},"end":{"line":114,"column":70}},"41":{"start":{"line":115,"column":31},"end":{"line":115,"column":72}},"42":{"start":{"line":116,"column":22},"end":{"line":116,"column":60}},"43":{"start":{"line":117,"column":28},"end":{"line":117,"column":72}},"44":{"start":{"line":118,"column":26},"end":{"line":118,"column":68}},"45":{"start":{"line":121,"column":4},"end":{"line":121,"column":85}},"46":{"start":{"line":125,"column":19},"end":{"line":125,"column":49}},"47":{"start":{"line":126,"column":4},"end":{"line":128,"column":5}},"48":{"start":{"line":127,"column":6},"end":{"line":127,"column":64}},"49":{"start":{"line":130,"column":4},"end":{"line":137,"column":5}},"50":{"start":{"line":131,"column":6},"end":{"line":131,"column":64}},"51":{"start":{"line":132,"column":6},"end":{"line":134,"column":8}},"52":{"start":{"line":136,"column":6},"end":{"line":136,"column":42}},"53":{"start":{"line":141,"column":19},"end":{"line":141,"column":71}},"54":{"start":{"line":142,"column":4},"end":{"line":144,"column":5}},"55":{"start":{"line":143,"column":6},"end":{"line":143,"column":64}},"56":{"start":{"line":146,"column":4},"end":{"line":146,"column":70}},"57":{"start":{"line":147,"column":4},"end":{"line":147,"column":61}},"58":{"start":{"line":148,"column":4},"end":{"line":150,"column":6}},"59":{"start":{"line":154,"column":19},"end":{"line":154,"column":70}},"60":{"start":{"line":155,"column":4},"end":{"line":157,"column":5}},"61":{"start":{"line":156,"column":6},"end":{"line":156,"column":64}},"62":{"start":{"line":159,"column":4},"end":{"line":159,"column":69}},"63":{"start":{"line":160,"column":4},"end":{"line":160,"column":61}},"64":{"start":{"line":161,"column":4},"end":{"line":163,"column":6}},"65":{"start":{"line":167,"column":19},"end":{"line":167,"column":57}},"66":{"start":{"line":168,"column":4},"end":{"line":170,"column":5}},"67":{"start":{"line":169,"column":6},"end":{"line":169,"column":64}},"68":{"start":{"line":172,"column":4},"end":{"line":172,"column":69}},"69":{"start":{"line":173,"column":4},"end":{"line":173,"column":59}},"70":{"start":{"line":174,"column":4},"end":{"line":176,"column":6}},"71":{"start":{"line":180,"column":19},"end":{"line":180,"column":67}},"72":{"start":{"line":181,"column":4},"end":{"line":183,"column":5}},"73":{"start":{"line":182,"column":6},"end":{"line":182,"column":64}},"74":{"start":{"line":185,"column":4},"end":{"line":185,"column":67}},"75":{"start":{"line":186,"column":4},"end":{"line":186,"column":63}},"76":{"start":{"line":187,"column":4},"end":{"line":189,"column":6}},"77":{"start":{"line":193,"column":19},"end":{"line":193,"column":59}},"78":{"start":{"line":194,"column":4},"end":{"line":196,"column":5}},"79":{"start":{"line":195,"column":6},"end":{"line":195,"column":64}},"80":{"start":{"line":198,"column":4},"end":{"line":198,"column":71}},"81":{"start":{"line":199,"column":4},"end":{"line":199,"column":54}},"82":{"start":{"line":200,"column":4},"end":{"line":202,"column":6}},"83":{"start":{"line":206,"column":19},"end":{"line":206,"column":50}},"84":{"start":{"line":207,"column":4},"end":{"line":209,"column":5}},"85":{"start":{"line":208,"column":6},"end":{"line":208,"column":64}},"86":{"start":{"line":211,"column":4},"end":{"line":211,"column":62}},"87":{"start":{"line":212,"column":4},"end":{"line":212,"column":60}},"88":{"start":{"line":213,"column":4},"end":{"line":215,"column":6}},"89":{"start":{"line":219,"column":19},"end":{"line":219,"column":49}},"90":{"start":{"line":220,"column":4},"end":{"line":222,"column":5}},"91":{"start":{"line":221,"column":6},"end":{"line":221,"column":64}},"92":{"start":{"line":224,"column":4},"end":{"line":231,"column":5}},"93":{"start":{"line":225,"column":6},"end":{"line":225,"column":60}},"94":{"start":{"line":226,"column":6},"end":{"line":228,"column":8}},"95":{"start":{"line":230,"column":6},"end":{"line":230,"column":73}},"96":{"start":{"line":235,"column":4},"end":{"line":235,"column":76}},"97":{"start":{"line":236,"column":4},"end":{"line":236,"column":71}},"98":{"start":{"line":241,"column":2},"end":{"line":283,"column":3}},"99":{"start":{"line":242,"column":21},"end":{"line":242,"column":56}},"100":{"start":{"line":243,"column":4},"end":{"line":243,"column":71}},"101":{"start":{"line":244,"column":4},"end":{"line":244,"column":36}},"102":{"start":{"line":247,"column":4},"end":{"line":249,"column":5}},"103":{"start":{"line":248,"column":6},"end":{"line":248,"column":40}},"104":{"start":{"line":252,"column":21},"end":{"line":257,"column":5}},"105":{"start":{"line":259,"column":4},"end":{"line":259,"column":50}},"106":{"start":{"line":260,"column":20},"end":{"line":260,"column":77}},"107":{"start":{"line":261,"column":4},"end":{"line":261,"column":61}},"108":{"start":{"line":264,"column":4},"end":{"line":264,"column":53}},"109":{"start":{"line":265,"column":4},"end":{"line":265,"column":45}},"110":{"start":{"line":267,"column":4},"end":{"line":271,"column":6}},"111":{"start":{"line":273,"column":4},"end":{"line":273,"column":52}},"112":{"start":{"line":278,"column":4},"end":{"line":282,"column":6}},"113":{"start":{"line":287,"column":4},"end":{"line":287,"column":40}},"114":{"start":{"line":291,"column":4},"end":{"line":291,"column":60}},"115":{"start":{"line":296,"column":4},"end":{"line":299,"column":5}},"116":{"start":{"line":297,"column":6},"end":{"line":297,"column":55}},"117":{"start":{"line":298,"column":6},"end":{"line":298,"column":47}},"118":{"start":{"line":301,"column":4},"end":{"line":303,"column":6}},"119":{"start":{"line":307,"column":0},"end":{"line":307,"column":38}}},"fnMap":{"0":{"name":"(anonymous_0)","decl":{"start":{"line":6,"column":2},"end":{"line":6,"column":3}},"loc":{"start":{"line":6,"column":16},"end":{"line":39,"column":3}},"line":6},"1":{"name":"(anonymous_1)","decl":{"start":{"line":9,"column":21},"end":{"line":9,"column":22}},"loc":{"start":{"line":9,"column":32},"end":{"line":14,"column":7}},"line":9},"2":{"name":"(anonymous_2)","decl":{"start":{"line":15,"column":23},"end":{"line":15,"column":24}},"loc":{"start":{"line":15,"column":34},"end":{"line":20,"column":7}},"line":15},"3":{"name":"(anonymous_3)","decl":{"start":{"line":21,"column":14},"end":{"line":21,"column":15}},"loc":{"start":{"line":21,"column":25},"end":{"line":26,"column":7}},"line":21},"4":{"name":"(anonymous_4)","decl":{"start":{"line":27,"column":16},"end":{"line":27,"column":17}},"loc":{"start":{"line":27,"column":38},"end":{"line":31,"column":7}},"line":27},"5":{"name":"(anonymous_5)","decl":{"start":{"line":32,"column":13},"end":{"line":32,"column":14}},"loc":{"start":{"line":32,"column":24},"end":{"line":37,"column":7}},"line":32},"6":{"name":"(anonymous_6)","decl":{"start":{"line":41,"column":2},"end":{"line":41,"column":3}},"loc":{"start":{"line":41,"column":40},"end":{"line":76,"column":3}},"line":41},"7":{"name":"(anonymous_7)","decl":{"start":{"line":78,"column":2},"end":{"line":78,"column":3}},"loc":{"start":{"line":78,"column":41},"end":{"line":99,"column":3}},"line":78},"8":{"name":"(anonymous_8)","decl":{"start":{"line":101,"column":2},"end":{"line":101,"column":3}},"loc":{"start":{"line":101,"column":44},"end":{"line":122,"column":3}},"line":101},"9":{"name":"(anonymous_9)","decl":{"start":{"line":110,"column":15},"end":{"line":110,"column":16}},"loc":{"start":{"line":110,"column":21},"end":{"line":110,"column":58}},"line":110},"10":{"name":"(anonymous_10)","decl":{"start":{"line":111,"column":24},"end":{"line":111,"column":25}},"loc":{"start":{"line":111,"column":30},"end":{"line":111,"column":76}},"line":111},"11":{"name":"(anonymous_11)","decl":{"start":{"line":112,"column":23},"end":{"line":112,"column":24}},"loc":{"start":{"line":112,"column":29},"end":{"line":112,"column":74}},"line":112},"12":{"name":"(anonymous_12)","decl":{"start":{"line":113,"column":23},"end":{"line":113,"column":24}},"loc":{"start":{"line":113,"column":29},"end":{"line":113,"column":74}},"line":113},"13":{"name":"(anonymous_13)","decl":{"start":{"line":114,"column":21},"end":{"line":114,"column":22}},"loc":{"start":{"line":114,"column":27},"end":{"line":114,"column":70}},"line":114},"14":{"name":"(anonymous_14)","decl":{"start":{"line":115,"column":25},"end":{"line":115,"column":26}},"loc":{"start":{"line":115,"column":31},"end":{"line":115,"column":72}},"line":115},"15":{"name":"(anonymous_15)","decl":{"start":{"line":116,"column":16},"end":{"line":116,"column":17}},"loc":{"start":{"line":116,"column":22},"end":{"line":116,"column":60}},"line":116},"16":{"name":"(anonymous_16)","decl":{"start":{"line":117,"column":22},"end":{"line":117,"column":23}},"loc":{"start":{"line":117,"column":28},"end":{"line":117,"column":72}},"line":117},"17":{"name":"(anonymous_17)","decl":{"start":{"line":118,"column":20},"end":{"line":118,"column":21}},"loc":{"start":{"line":118,"column":26},"end":{"line":118,"column":68}},"line":118},"18":{"name":"(anonymous_18)","decl":{"start":{"line":124,"column":2},"end":{"line":124,"column":3}},"loc":{"start":{"line":124,"column":35},"end":{"line":138,"column":3}},"line":124},"19":{"name":"(anonymous_19)","decl":{"start":{"line":140,"column":2},"end":{"line":140,"column":3}},"loc":{"start":{"line":140,"column":44},"end":{"line":151,"column":3}},"line":140},"20":{"name":"(anonymous_20)","decl":{"start":{"line":153,"column":2},"end":{"line":153,"column":3}},"loc":{"start":{"line":153,"column":43},"end":{"line":164,"column":3}},"line":153},"21":{"name":"(anonymous_21)","decl":{"start":{"line":166,"column":2},"end":{"line":166,"column":3}},"loc":{"start":{"line":166,"column":43},"end":{"line":177,"column":3}},"line":166},"22":{"name":"(anonymous_22)","decl":{"start":{"line":179,"column":2},"end":{"line":179,"column":3}},"loc":{"start":{"line":179,"column":41},"end":{"line":190,"column":3}},"line":179},"23":{"name":"(anonymous_23)","decl":{"start":{"line":192,"column":2},"end":{"line":192,"column":3}},"loc":{"start":{"line":192,"column":39},"end":{"line":203,"column":3}},"line":192},"24":{"name":"(anonymous_24)","decl":{"start":{"line":205,"column":2},"end":{"line":205,"column":3}},"loc":{"start":{"line":205,"column":36},"end":{"line":216,"column":3}},"line":205},"25":{"name":"(anonymous_25)","decl":{"start":{"line":218,"column":2},"end":{"line":218,"column":3}},"loc":{"start":{"line":218,"column":42},"end":{"line":232,"column":3}},"line":218},"26":{"name":"(anonymous_26)","decl":{"start":{"line":234,"column":2},"end":{"line":234,"column":3}},"loc":{"start":{"line":234,"column":40},"end":{"line":237,"column":3}},"line":234},"27":{"name":"(anonymous_27)","decl":{"start":{"line":240,"column":0},"end":{"line":240,"column":1}},"loc":{"start":{"line":240,"column":34},"end":{"line":284,"column":1}},"line":240},"28":{"name":"(anonymous_28)","decl":{"start":{"line":286,"column":2},"end":{"line":286,"column":3}},"loc":{"start":{"line":286,"column":38},"end":{"line":288,"column":3}},"line":286},"29":{"name":"(anonymous_29)","decl":{"start":{"line":290,"column":2},"end":{"line":290,"column":3}},"loc":{"start":{"line":290,"column":40},"end":{"line":292,"column":3}},"line":290},"30":{"name":"(anonymous_30)","decl":{"start":{"line":294,"column":2},"end":{"line":294,"column":3}},"loc":{"start":{"line":294,"column":26},"end":{"line":304,"column":3}},"line":294}},"branchMap":{"0":{"loc":{"start":{"line":11,"column":15},"end":{"line":13,"column":82}},"type":"cond-expr","locations":[{"start":{"line":12,"column":12},"end":{"line":12,"column":38}},{"start":{"line":13,"column":12},"end":{"line":13,"column":82}}],"line":11},"1":{"loc":{"start":{"line":11,"column":16},"end":{"line":11,"column":66}},"type":"binary-expr","locations":[{"start":{"line":11,"column":16},"end":{"line":11,"column":26}},{"start":{"line":11,"column":30},"end":{"line":11,"column":46}},{"start":{"line":11,"column":50},"end":{"line":11,"column":66}}],"line":11},"2":{"loc":{"start":{"line":17,"column":15},"end":{"line":19,"column":85}},"type":"cond-expr","locations":[{"start":{"line":18,"column":12},"end":{"line":18,"column":53}},{"start":{"line":19,"column":12},"end":{"line":19,"column":85}}],"line":17},"3":{"loc":{"start":{"line":17,"column":16},"end":{"line":17,"column":66}},"type":"binary-expr","locations":[{"start":{"line":17,"column":16},"end":{"line":17,"column":37}},{"start":{"line":17,"column":41},"end":{"line":17,"column":66}}],"line":17},"4":{"loc":{"start":{"line":23,"column":15},"end":{"line":25,"column":74}},"type":"cond-expr","locations":[{"start":{"line":24,"column":12},"end":{"line":24,"column":42}},{"start":{"line":25,"column":12},"end":{"line":25,"column":74}}],"line":23},"5":{"loc":{"start":{"line":23,"column":16},"end":{"line":23,"column":44}},"type":"binary-expr","locations":[{"start":{"line":23,"column":16},"end":{"line":23,"column":30}},{"start":{"line":23,"column":34},"end":{"line":23,"column":44}}],"line":23},"6":{"loc":{"start":{"line":28,"column":15},"end":{"line":30,"column":66}},"type":"cond-expr","locations":[{"start":{"line":29,"column":12},"end":{"line":29,"column":48}},{"start":{"line":30,"column":12},"end":{"line":30,"column":66}}],"line":28},"7":{"loc":{"start":{"line":34,"column":15},"end":{"line":36,"column":74}},"type":"cond-expr","locations":[{"start":{"line":35,"column":12},"end":{"line":35,"column":46}},{"start":{"line":36,"column":12},"end":{"line":36,"column":74}}],"line":34},"8":{"loc":{"start":{"line":34,"column":16},"end":{"line":34,"column":59}},"type":"binary-expr","locations":[{"start":{"line":34,"column":16},"end":{"line":34,"column":35}},{"start":{"line":34,"column":39},"end":{"line":34,"column":59}}],"line":34},"9":{"loc":{"start":{"line":43,"column":4},"end":{"line":50,"column":5}},"type":"if","locations":[{"start":{"line":43,"column":4},"end":{"line":50,"column":5}},{"start":{},"end":{}}],"line":43},"10":{"loc":{"start":{"line":53,"column":4},"end":{"line":55,"column":5}},"type":"if","locations":[{"start":{"line":53,"column":4},"end":{"line":55,"column":5}},{"start":{},"end":{}}],"line":53},"11":{"loc":{"start":{"line":81,"column":6},"end":{"line":83,"column":7}},"type":"if","locations":[{"start":{"line":81,"column":6},"end":{"line":83,"column":7}},{"start":{},"end":{}}],"line":81},"12":{"loc":{"start":{"line":103,"column":4},"end":{"line":105,"column":5}},"type":"if","locations":[{"start":{"line":103,"column":4},"end":{"line":105,"column":5}},{"start":{},"end":{}}],"line":103},"13":{"loc":{"start":{"line":121,"column":11},"end":{"line":121,"column":84}},"type":"cond-expr","locations":[{"start":{"line":121,"column":28},"end":{"line":121,"column":44}},{"start":{"line":121,"column":47},"end":{"line":121,"column":84}}],"line":121},"14":{"loc":{"start":{"line":126,"column":4},"end":{"line":128,"column":5}},"type":"if","locations":[{"start":{"line":126,"column":4},"end":{"line":128,"column":5}},{"start":{},"end":{}}],"line":126},"15":{"loc":{"start":{"line":130,"column":4},"end":{"line":137,"column":5}},"type":"if","locations":[{"start":{"line":130,"column":4},"end":{"line":137,"column":5}},{"start":{"line":135,"column":11},"end":{"line":137,"column":5}}],"line":130},"16":{"loc":{"start":{"line":142,"column":4},"end":{"line":144,"column":5}},"type":"if","locations":[{"start":{"line":142,"column":4},"end":{"line":144,"column":5}},{"start":{},"end":{}}],"line":142},"17":{"loc":{"start":{"line":155,"column":4},"end":{"line":157,"column":5}},"type":"if","locations":[{"start":{"line":155,"column":4},"end":{"line":157,"column":5}},{"start":{},"end":{}}],"line":155},"18":{"loc":{"start":{"line":168,"column":4},"end":{"line":170,"column":5}},"type":"if","locations":[{"start":{"line":168,"column":4},"end":{"line":170,"column":5}},{"start":{},"end":{}}],"line":168},"19":{"loc":{"start":{"line":181,"column":4},"end":{"line":183,"column":5}},"type":"if","locations":[{"start":{"line":181,"column":4},"end":{"line":183,"column":5}},{"start":{},"end":{}}],"line":181},"20":{"loc":{"start":{"line":194,"column":4},"end":{"line":196,"column":5}},"type":"if","locations":[{"start":{"line":194,"column":4},"end":{"line":196,"column":5}},{"start":{},"end":{}}],"line":194},"21":{"loc":{"start":{"line":207,"column":4},"end":{"line":209,"column":5}},"type":"if","locations":[{"start":{"line":207,"column":4},"end":{"line":209,"column":5}},{"start":{},"end":{}}],"line":207},"22":{"loc":{"start":{"line":220,"column":4},"end":{"line":222,"column":5}},"type":"if","locations":[{"start":{"line":220,"column":4},"end":{"line":222,"column":5}},{"start":{},"end":{}}],"line":220},"23":{"loc":{"start":{"line":224,"column":4},"end":{"line":231,"column":5}},"type":"if","locations":[{"start":{"line":224,"column":4},"end":{"line":231,"column":5}},{"start":{"line":229,"column":11},"end":{"line":231,"column":5}}],"line":224},"24":{"loc":{"start":{"line":235,"column":53},"end":{"line":235,"column":75}},"type":"binary-expr","locations":[{"start":{"line":235,"column":53},"end":{"line":235,"column":67}},{"start":{"line":235,"column":71},"end":{"line":235,"column":75}}],"line":235},"25":{"loc":{"start":{"line":247,"column":4},"end":{"line":249,"column":5}},"type":"if","locations":[{"start":{"line":247,"column":4},"end":{"line":249,"column":5}},{"start":{},"end":{}}],"line":247},"26":{"loc":{"start":{"line":247,"column":8},"end":{"line":247,"column":43}},"type":"binary-expr","locations":[{"start":{"line":247,"column":8},"end":{"line":247,"column":26}},{"start":{"line":247,"column":30},"end":{"line":247,"column":43}}],"line":247},"27":{"loc":{"start":{"line":291,"column":11},"end":{"line":291,"column":59}},"type":"binary-expr","locations":[{"start":{"line":291,"column":11},"end":{"line":291,"column":53}},{"start":{"line":291,"column":57},"end":{"line":291,"column":59}}],"line":291},"28":{"loc":{"start":{"line":296,"column":4},"end"
[...]
ntrollers\\userProfileController.js","statementMap":{"0":{"start":{"line":1,"column":27},"end":{"line":1,"column":69}},"1":{"start":{"line":5,"column":8},"end":{"line":10,"column":9}},"2":{"start":{"line":6,"column":25},"end":{"line":6,"column":80}},"3":{"start":{"line":7,"column":12},"end":{"line":7,"column":39}},"4":{"start":{"line":9,"column":12},"end":{"line":9,"column":99}},"5":{"start":{"line":14,"column":8},"end":{"line":19,"column":9}},"6":{"start":{"line":15,"column":32},"end":{"line":15,"column":100}},"7":{"start":{"line":16,"column":12},"end":{"line":16,"column":97}},"8":{"start":{"line":18,"column":12},"end":{"line":18,"column":99}},"9":{"start":{"line":25,"column":0},"end":{"line":25,"column":45}}},"fnMap":{"0":{"name":"(anonymous_0)","decl":{"start":{"line":4,"column":4},"end":{"line":4,"column":5}},"loc":{"start":{"line":4,"column":35},"end":{"line":11,"column":5}},"line":4},"1":{"name":"(anonymous_1)","decl":{"start":{"line":13,"column":4},"end":{"line":13,"column":5}},"loc":{"start":{"line":13,"column":38},"end":{"line":20,"column":5}},"line":13}},"branchMap":{},"s":{"0":1,"1":2,"2":2,"3":1,"4":1,"5":2,"6":2,"7":1,"8":1,"9":1},"f":{"0":2,"1":2},"b":{},"_coverageSchema":"1a1c01bbd47fc00a2c39e90264f33305004495a9","hash":"23ba87807e0d324f2450337fe45baae0c6b08b24","contentHash":"1b2f7d8f00480eaf7f66e4be659196abda1f8f941562e78e4345dfd48b2cc2f6"},"C:\\Users\\abssa\\Desktop\\Staging\\fraud-detection-master (1)\\fraud-detection-master\\micro-services\\dependency-injector\\server\\services\\userProfileServices.js":{"path":"C:\\Users\\abssa\\Desktop\\Staging\\fraud-detection-master (1)\\fraud-detection-master\\micro-services\\dependency-injector\\server\\services\\userProfileServices.js","statementMap":{"0":{"start":{"line":1,"column":15},"end":{"line":1,"column":32}},"1":{"start":{"line":2,"column":30},"end":{"line":2,"column":78}},"2":{"start":{"line":6,"column":21},"end":{"line":6,"column":70}},"3":{"start":{"line":7,"column":8},"end":{"line":7,"column":53}},"4":{"start":{"line":7,"column":19},"end":{"line":7,"column":53}},"5":{"start":{"line":8,"column":8},"end":{"line":8,"column":20}},"6":{"start":{"line":12,"column":28},"end":{"line":12,"column":92}},"7":{"start":{"line":13,"column":8},"end":{"line":13,"column":70}},"8":{"start":{"line":13,"column":26},"end":{"line":13,"column":70}},"9":{"start":{"line":14,"column":8},"end":{"line":14,"column":27}},"10":{"start":{"line":19,"column":0},"end":{"line":19,"column":42}}},"fnMap":{"0":{"name":"(anonymous_0)","decl":{"start":{"line":5,"column":4},"end":{"line":5,"column":5}},"loc":{"start":{"line":5,"column":32},"end":{"line":9,"column":5}},"line":5},"1":{"name":"(anonymous_1)","decl":{"start":{"line":11,"column":4},"end":{"line":11,"column":5}},"loc":{"start":{"line":11,"column":47},"end":{"line":15,"column":5}},"line":11}},"branchMap":{"0":{"loc":{"start":{"line":7,"column":8},"end":{"line":7,"column":53}},"type":"if","locations":[{"start":{"line":7,"column":8},"end":{"line":7,"column":53}},{"start":{},"end":{}}],"line":7},"1":{"loc":{"start":{"line":13,"column":8},"end":{"line":13,"column":70}},"type":"if","locations":[{"start":{"line":13,"column":8},"end":{"line":13,"column":70}},{"start":{},"end":{}}],"line":13}},"s":{"0":1,"1":1,"2":2,"3":2,"4":1,"5":1,"6":2,"7":2,"8":1,"9":1,"10":1},"f":{"0":2,"1":2},"b":{"0":[1,1],"1":[1,1]},"_coverageSchema":"1a1c01bbd47fc00a2c39e90264f33305004495a9","hash":"8bd4b2beae220597257c6009f98f312afd8ed6bb","contentHash":"f134009bb2bfe8de7ccc80b757c7cf2d6535f519087ad706b9abeb1252fccd52"},"C:\\Users\\abssa\\Desktop\\Staging\\fraud-detection-master (1)\\fraud-detection-master\\micro-services\\dependency-injector\\server\\repositories\\userProfileRepository.js":{"path":"C:\\Users\\abssa\\Desktop\\Staging\\fraud-detection-master (1)\\fraud-detection-master\\micro-services\\dependency-injector\\server\\repositories\\userProfileRepository.js","statementMap":{"0":{"start":{"line":1,"column":18},"end":{"line":1,"column":48}},"1":{"start":{"line":5,"column":8},"end":{"line":5,"column":67}},"2":{"start":{"line":9,"column":8},"end":{"line":9,"column":86}},"3":{"start":{"line":13,"column":8},"end":{"line":13,"column":104}},"4":{"start":{"line":17,"column":0},"end":{"line":17,"column":45}}},"fnMap":{"0":{"name":"(anonymous_0)","decl":{"start":{"line":4,"column":4},"end":{"line":4,"column":5}},"loc":{"start":{"line":4,"column":32},"end":{"line":6,"column":5}},"line":4},"1":{"name":"(anonymous_1)","decl":{"start":{"line":8,"column":4},"end":{"line":8,"column":5}},"loc":{"start":{"line":8,"column":47},"end":{"line":10,"column":5}},"line":8},"2":{"name":"(anonymous_2)","decl":{"start":{"line":12,"column":4},"end":{"line":12,"column":5}},"loc":{"start":{"line":12,"column":52},"end":{"line":14,"column":5}},"line":12}},"branchMap":{},"s":{"0":1,"1":2,"2":2,"3":2,"4":1},"f":{"0":2,"1":2,"2":2},"b":{},"_coverageSchema":"1a1c01bbd47fc00a2c39e90264f33305004495a9","hash":"1c00ed470bfa6c62d54cbc388a572dd418a436ee","contentHash":"d4a79da053ee26c7bc2d6db12acfed73e1c9b715aca575497ff143a90ebf1b3a"},"C:\\Users\\abssa\\Desktop\\Staging\\fraud-detection-master (1)\\fraud-detection-master\\micro-services\\dependency-injector\\server\\controllers\\vendorController.js":{"path":"C:\\Users\\abssa\\Desktop\\Staging\\fraud-detection-master (1)\\fraud-detection-master\\micro-services\\dependency-injector\\server\\controllers\\vendorController.js","statementMap":{"0":{"start":{"line":1,"column":22},"end":{"line":1,"column":59}},"1":{"start":{"line":7,"column":8},"end":{"line":12,"column":9}},"2":{"start":{"line":8,"column":28},"end":{"line":8,"column":62}},"3":{"start":{"line":9,"column":12},"end":{"line":9,"column":42}},"4":{"start":{"line":11,"column":12},"end":{"line":11,"column":59}},"5":{"start":{"line":15,"column":8},"end":{"line":20,"column":9}},"6":{"start":{"line":16,"column":27},"end":{"line":16,"column":78}},"7":{"start":{"line":17,"column":12},"end":{"line":17,"column":41}},"8":{"start":{"line":19,"column":12},"end":{"line":19,"column":59}},"9":{"start":{"line":24,"column":8},"end":{"line":30,"column":9}},"10":{"start":{"line":25,"column":50},"end":{"line":25,"column":58}},"11":{"start":{"line":26,"column":28},"end":{"line":26,"column":91}},"12":{"start":{"line":27,"column":12},"end":{"line":27,"column":98}},"13":{"start":{"line":29,"column":12},"end":{"line":29,"column":59}},"14":{"start":{"line":35,"column":8},"end":{"line":40,"column":9}},"15":{"start":{"line":36,"column":27},"end":{"line":36,"column":74}},"16":{"start":{"line":37,"column":12},"end":{"line":37,"column":47}},"17":{"start":{"line":39,"column":12},"end":{"line":39,"column":59}},"18":{"start":{"line":44,"column":8},"end":{"line":49,"column":9}},"19":{"start":{"line":45,"column":34},"end":{"line":45,"column":101}},"20":{"start":{"line":46,"column":12},"end":{"line":46,"column":93}},"21":{"start":{"line":48,"column":12},"end":{"line":48,"column":59}},"22":{"start":{"line":53,"column":8},"end":{"line":61,"column":9}},"23":{"start":{"line":54,"column":38},"end":{"line":54,"column":46}},"24":{"start":{"line":55,"column":12},"end":{"line":55,"column":101}},"25":{"start":{"line":55,"column":32},"end":{"line":55,"column":101}},"26":{"start":{"line":57,"column":25},"end":{"line":57,"column":130}},"27":{"start":{"line":58,"column":12},"end":{"line":58,"column":80}},"28":{"start":{"line":60,"column":12},"end":{"line":60,"column":59}},"29":{"start":{"line":65,"column":0},"end":{"line":65,"column":40}}},"fnMap":{"0":{"name":"(anonymous_0)","decl":{"start":{"line":6,"column":4},"end":{"line":6,"column":5}},"loc":{"start":{"line":6,"column":33},"end":{"line":13,"column":5}},"line":6},"1":{"name":"(anonymous_1)","decl":{"start":{"line":14,"column":4},"end":{"line":14,"column":5}},"loc":{"start":{"line":14,"column":34},"end":{"line":21,"column":5}},"line":14},"2":{"name":"(anonymous_2)","decl":{"start":{"line":23,"column":4},"end":{"line":23,"column":5}},"loc":{"start":{"line":23,"column":37},"end":{"line":31,"column":5}},"line":23},"3":{"name":"(anonymous_3)","decl":{"start":{"line":34,"column":4},"end":{"line":34,"column":5}},"loc":{"start":{"line":34,"column":30},"end":{"line":41,"column":5}},"line":34},"4":{"name":"(anonymous_4)","decl":{"start":{"line":43,"column":4},"end":{"line":43,"column":5}},"loc":{"start":{"line":43,"column":33},"end":{"line":50,"column":5}},"line":43},"5":{"name":"(anonymous_5)","decl":{"start":{"line":52,"column":4},"end":{"line":52,"column":5}},"loc":{"start":{"line":52,"column":41},"end":{"line":62,"column":5}},"line":52}},"branchMap":{"0":{"loc":{"start":{"line":55,"column":12},"end":{"line":55,"column":101}},"type":"if","locations":[{"start":{"line":55,"column":12},"end":{"line":55,"column":101}},{"start":{},"end":{}}],"line":55}},"s":{"0":1,"1":0,"2":0,"3":0,"4":0,"5":2,"6":2,"7":1,"8":1,"9":2,"10":2,"11":2,"12":1,"13":1,"14":2,"15":2,"16":1,"17":1,"18":2,"19":2,"20":1,"21":1,"22":3,"23":3,"24":3,"25":2,"26":1,"27":1,"28":0,"29":1},"f":{"0":0,"1":2,"2":2,"3":2,"4":2,"5":3},"b":{"0":[2,1]},"_coverageSchema":"1a1c01bbd47fc00a2c39e90264f33305004495a9","hash":"61f85d733803e71be52bc777b9439355d65f59d1","contentHash":"de6931884f08df41de3d6adde3570b2252cb2435fad4dd8d5e667cc2a6ebe50a"},"C:\\Users\\abssa\\Desktop\\Staging\\fraud-detection-master (1)\\fraud-detection-master\\micro-services\\dependency-injector\\server\\services\\vendorServices.js":{"path":"C:\\Users\\abssa\\Desktop\\Staging\\fraud-detection-master (1)\\fraud-detection-master\\micro-services\\dependency-injector\\server\\services\\vendorServices.js","statementMap":{"0":{"start":{"line":1,"column":25},"end":{"line":1,"column":68}},"1":{"start":{"line":2,"column":21},"end":{"line":2,"column":49}},"2":{"start":{"line":3,"column":23},"end":{"line":3,"column":64}},"3":{"start":{"line":4,"column":12},"end":{"line":4,"column":35}},"4":{"start":{"line":5,"column":25},"end":{"line":5,"column":68}},"5":{"start":{"line":9,"column":23},"end":{"line":9,"column":70}},"6":{"start":{"line":10,"column":8},"end":{"line":10,"column":57}},"7":{"start":{"line":10,"column":21},"end":{"line":10,"column":57}},"8":{"start":{"line":11,"column":8},"end":{"line":11,"column":22}},"9":{"start":{"line":15,"column":24},"end":{"line":15,"column":73}},"10":{"start":{"line":16,"column":8},"end":{"line":16,"column":59}},"11":{"start":{"line":16,"column":22},"end":{"line":16,"column":59}},"12":{"start":{"line":17,"column":21},"end":{"line":17,"column":72}},"13":{"start":{"line":18,"column":8},"end":{"line":18,"column":53}},"14":{"start":{"line":18,"column":19},"end":{"line":18,"column":53}},"15":{"start":{"line":20,"column":8},"end":{"line":20,"column":99}},"16":{"start":{"line":20,"column":36},"end":{"line":20,"column":99}},"17":{"start":{"line":22,"column":8},"end":{"line":22,"column":48}},"18":{"start":{"line":23,"column":8},"end":{"line":23,"column":34}},"19":{"start":{"line":24,"column":8},"end":{"line":24,"column":40}},"20":{"start":{"line":25,"column":8},"end":{"line":25,"column":52}},"21":{"start":{"line":28,"column":8},"end":{"line":28,"column":191}},"22":{"start":{"line":30,"column":8},"end":{"line":36,"column":11}},"23":{"start":{"line":38,"column":8},"end":{"line":38,"column":23}},"24":{"start":{"line":44,"column":23},"end":{"line":44,"column":70}},"25":{"start":{"line":45,"column":8},"end":{"line":45,"column":76}},"26":{"start":{"line":45,"column":39},"end":{"line":45,"column":76}},"27":{"start":{"line":46,"column":8},"end":{"line":46,"column":29}},"28":{"start":{"line":50,"column":23},"end":{"line":50,"column":74}},"29":{"start":{"line":51,"column":8},"end":{"line":51,"column":110}},"30":{"start":{"line":51,"column":39},"end":{"line":51,"column":110}},"31":{"start":{"line":53,"column":25},"end":{"line":58,"column":10}},"32":{"start":{"line":60,"column":8},"end":{"line":60,"column":29}},"33":{"start":{"line":64,"column":23},"end":{"line":64,"column":70}},"34":{"start":{"line":65,"column":8},"end":{"line":65,"column":108}},"35":{"start":{"line":65,"column":37},"end":{"line":65,"column":108}},"36":{"start":{"line":67,"column":27},"end":{"line":67,"column":70}},"37":{"start":{"line":68,"column":8},"end":{"line":68,"column":88}},"38":{"start":{"line":68,"column":24},"end":{"line":68,"column":88}},"39":{"start":{"line":70,"column":8},"end":{"line":70,"column":26}},"40":{"start":{"line":74,"column":8},"end":{"line":74,"column":55}},"41":{"start":{"line":78,"column":0},"end":{"line":78,"column":37}}},"fnMap":{"0":{"name":"(anonymous_0)","decl":{"start":{"line":8,"column":4},"end":{"line":8,"column":5}},"loc":{"start":{"line":8,"column":31},"end":{"line":12,"column":5}},"line":8},"1":{"name":"(anonymous_1)","decl":{"start":{"line":14,"column":4},"end":{"line":14,"column":5}},"loc":{"start":{"line":14,"column":54},"end":{"line":39,"column":5}},"line":14},"2":{"name":"(anonymous_2)","decl":{"start":{"line":42,"column":4},"end":{"line":42,"column":5}},"loc":{"start":{"line":42,"column":27},"end":{"line":47,"column":5}},"line":42},"3":{"name":"(anonymous_3)","decl":{"start":{"line":49,"column":4},"end":{"line":49,"column":5}},"loc":{"start":{"line":49,"column":73},"end":{"line":61,"column":5}},"line":49},"4":{"name":"(anonymous_4)","decl":{"start":{"line":63,"column":4},"end":{"line":63,"column":5}},"loc":{"start":{"line":63,"column":37},"end":{"line":71,"column":5}},"line":63},"5":{"name":"(anonymous_5)","decl":{"start":{"line":73,"column":4},"end":{"line":73,"column":5}},"loc":{"start":{"line":73,"column":25},"end":{"line":75,"column":5}},"line":73}},"branchMap":{"0":{"loc":{"start":{"line":10,"column":8},"end":{"line":10,"column":57}},"type":"if","locations":[{"start":{"line":10,"column":8},"end":{"line":10,"column":57}},{"start":{},"end":{}}],"line":10},"1":{"loc":{"start":{"line":16,"column":8},"end":{"line":16,"column":59}},"type":"if","locations":[{"start":{"line":16,"column":8},"end":{"line":16,"column":59}},{"start":{},"end":{}}],"line":16},"2":{"loc":{"start":{"line":18,"column":8},"end":{"line":18,"column":53}},"type":"if","locations":[{"start":{"line":18,"column":8},"end":{"line":18,"column":53}},{"start":{},"end":{}}],"line":18},"3":{"loc":{"start":{"line":20,"column":8},"end":{"line":20,"column":99}},"type":"if","locations":[{"start":{"line":20,"column":8},"end":{"line":20,"column":99}},{"start":{},"end":{}}],"line":20},"4":{"loc":{"start":{"line":45,"column":8},"end":{"line":45,"column":76}},"type":"if","locations":[{"start":{"line":45,"column":8},"end":{"line":45,"column":76}},{"start":{},"end":{}}],"line":45},"5":{"loc":{"start":{"line":45,"column":12},"end":{"line":45,"column":37}},"type":"binary-expr","locations":[{"start":{"line":45,"column":12},"end":{"line":45,"column":19}},{"start":{"line":45,"column":23},"end":{"line":45,"column":37}}],"line":45},"6":{"loc":{"start":{"line":51,"column":8},"end":{"line":51,"column":110}},"type":"if","locations":[{"start":{"line":51,"column":8},"end":{"line":51,"column":110}},{"start":{},"end":{}}],"line":51},"7":{"loc":{"start":{"line":51,"column":12},"end":{"line":51,"column":37}},"type":"binary-expr","locations":[{"start":{"line":51,"column":12},"end":{"line":51,"column":19}},{"start":{"line":51,"column":23},"end":{"line":51,"column":37}}],"line":51},"8":{"loc":{"start":{"line":65,"column":8},"end":{"line":65,"column":108}},"type":"if","locations":[{"start":{"line":65,"column":8},"end":{"line":65,"column":108}},{"start":{},"end":{}}],"line":65},"9":{"loc":{"start":{"line":65,"column":11},"end":{"line":65,"column":35}},"type":"binary-expr","locations":[{"start":{"line":65,"column":11},"end":{"line":65,"column":18}},{"start":{"line":65,"column":21},"end":{"line":65,"column":35}}],"line":65},"10":{"loc":{"start":{"line":68,"column":8},"end":{"line":68,"column":88}},"type":"if","locations":[{"start":{"line":68,"column":8},"end":{"line":68,"column":88}},{"start":{},"end":{}}],"line":68}},"s":{"0":1,"1":1,"2":1,"3":1,"4":1,"5":2,"6":2,"7":1,"8":1,"9":3,"10":3,"11":1,"12":2,"13":1,"14":0,"15":1,"16":0,"17":1,"18":1,"19":1,"20":1,"21":1,"22":1,"23":1,"24":2,"25":2,"26":1,"27":1,"28":2,"29":2,"30":1,"31":1,"32":0,"33":3,"34":3,"35":1,"36":2,"37":1,"38":0,"39":1,"40":0,"41":1},"f":{"0":2,"1":3,"2":2,"3":2,"4":3,"5":0},"b":{"0":[1,1],"1":[1,2],"2":[0,1],"3":[0,1],"4":[1,1],"5":[2,1],"6":[1,1],"7":[2,1],"8":[1,2],"9":[3,2],"10":[0,1]},"_coverageSchema":"1a1c01bbd47fc00a2c39e90264f33305004495a9","hash":"5e02cd34ca55bd04ceaa6fa03cfd3b6cdda8d69d","contentHash":"a8855deac57ec105f92a8457945a0dcaf9d07fdc44cf6e1aae5ba1727839b696"},"C:\\Users\\abssa\\Desktop\\Staging\\fraud-detection-master (1)\\fraud-detection-master\\micro-services\\dependency-injector\\server\\repositories\\vendorRepository.js":{"path":"C:\\Users\\abssa\\Desktop\\Staging\\fraud-detection-master (1)\\fraud-detection-master\\micro-services\\dependency-injector\\server\\repositories\\vendorRepository.js","statementMap":{"0":{"start":{"line":1,"column":20},"end":{"line":1,"column":52}},"1":{"start":{"line":2,"column":22},"end":{"line":2,"column":55}},"2":{"start":{"line":3,"column":26},"end":{"line":3,"column":62}},"3":{"start":{"line":4,"column":18},"end":{"line":4,"column":48}},"4":{"start":{"line":9,"column":8},"end":{"line":9,"column":55}},"5":{"start":{"line":12,"column":8},"end":{"line":12,"column":50}},"6":{"start":{"line":16,"column":8},"end":{"line":16,"column":55}},"7":{"start":{"line":20,"column":8},"end":{"line":20,"column":93}},"8":{"start":{"line":24,"column":8},"end":{"line":24,"column":55}},"9":{"start":{"line":28,"column":8},"end":{"line":28,"column":36}},"10":{"start":{"line":32,"column":8},"end":{"line":32,"column":64}},"11":{"start":{"line":36,"column":0},"end":{"line":36,"column":40}}},"fnMap":{"0":{"name":"(anonymous_0)","decl":{"start":{"line":8,"column":4},"end":{"line":8,"column":5}},"loc":{"start":{"line":8,"column":27},"end":{"line":10,"column":5}},"line":8},"1":{"name":"(anonymous_1)","decl":{"start":{"line":11,"column":4},"end":{"line":11,"column":5}},"loc":{"start":{"line":11,"column":35},"end":{"line":13,"column":5}},"line":11},"2":{"name":"(anonymous_2)","decl":{"start":{"line":15,"column":4},"end":{"line":15,"column":5}},"loc":{"start":{"line":15,"column":39},"end":{"line":17,"column":5}},"line":15},"3":{"name":"(anonymous_3)","decl":{"start":{"line":19,"column":4},"end":{"line":19,"column":5}},"loc":{"start":{"line":19,"column":49},"end":{"line":21,"column":5}},"line":19},"4":{"name":"(anonymous_4)","decl":{"start":{"line":23,"column":4},"end":{"line":23,"column":5}},"loc":{"start":{"line":23,"column":37},"end":{"line":25,"column":5}},"line":23},"5":{"name":"(anonymous_5)","decl":{"start":{"line":27,"column":4},"end":{"line":27,"column":5}},"loc":{"start":{"line":27,"column":31},"end":{"line":29,"column":5}},"line":27},"6":{"name":"(anonymous_6)","decl":{"start":{"line":31,"column":4},"end":{"line":31,"column":5}},"loc":{"start":{"line":31,"column":47},"end":{"line":33,"column":5}},"line":31}},"branchMap":{},"s":{"0":1,"1":1,"2":1,"3":1,"4":0,"5":2,"6":2,"7":2,"8":2,"9":0,"10":2,"11":1},"f":{"0":0,"1":2,"2":2,"3":2,"4":2,"5":0,"6":2},"b":{},"_coverageSchema":"1a1c01bbd47fc00a2c39e90264f33305004495a9","hash":"fc45954e595d3723f1c3dc7d94ef371cc4abb34c","contentHash":"32f3275e1b2175e8fe229bac7d31b2b2deadc1a6520d85de567d95cd17604a7d"},"C:\\Users\\abssa\\Desktop\\Staging\\fraud-detection-master (1)\\fraud-detection-master\\micro-services\\dependency-injector\\server\\models\\vendorModel.js":{"path":"C:\\Users\\abssa\\Desktop\\Staging\\fraud-detection-master (1)\\fraud-detection-master\\micro-services\\dependency-injector\\server\\models\\vendorModel.js","statementMap":{"0":{"start":{"line":1,"column":17},"end":{"line":1,"column":36}},"1":{"start":{"line":3,"column":21},"end":{"line":9,"column":2}},"2":{"start":{"line":11,"column":0},"end":{"line":11,"column":56}}},"fnMap":{},"branchMap":{},"s":{"0":1,"1":1,"2":1},"f":{},"b":{},"_coverageSchema":"1a1c01bbd47fc00a2c39e90264f33305004495a9","hash":"9df62288f29c12093c7e9d86f64e84f4cab4c15f","contentHash":"8c74586ad43a53f92563fbfcb44bcfe79165e8da595b3bc7dde4680252a69e90"}}